{"/Users/seraphinaeschbach/udemy/test/activity_blog/frontend/src/app/core/services/location/location.service.ts": {"path":"/Users/seraphinaeschbach/udemy/test/activity_blog/frontend/src/app/core/services/location/location.service.ts","statementMap":{"0":{"start":{"line":1,"column":0},"end":{"line":1,"column":43}},"1":{"start":{"line":2,"column":0},"end":{"line":2,"column":50}},"2":{"start":{"line":10,"column":18},"end":{"line":10,"column":29}},"3":{"start":{"line":11,"column":18},"end":{"line":11,"column":24}},"4":{"start":{"line":12,"column":18},"end":{"line":12,"column":25}},"5":{"start":{"line":13,"column":18},"end":{"line":13,"column":24}},"6":{"start":{"line":15,"column":22},"end":{"line":15,"column":38}},"7":{"start":{"line":18,"column":4},"end":{"line":18,"column":83}},"8":{"start":{"line":22,"column":4},"end":{"line":22,"column":88}},"9":{"start":{"line":26,"column":4},"end":{"line":26,"column":115}},"10":{"start":{"line":30,"column":4},"end":{"line":30,"column":106}},"11":{"start":{"line":34,"column":4},"end":{"line":34,"column":79}},"12":{"start":{"line":9,"column":13},"end":{"line":36,"column":null}}},"fnMap":{"0":{"name":"(anonymous_0)","decl":{"start":{"line":15,"column":2},"end":{"line":15,"column":22}},"loc":{"start":{"line":15,"column":38},"end":{"line":15,"column":41}}},"1":{"name":"(anonymous_1)","decl":{"start":{"line":17,"column":2},"end":{"line":17,"column":17}},"loc":{"start":{"line":17,"column":36},"end":{"line":19,"column":3}}},"2":{"name":"(anonymous_2)","decl":{"start":{"line":21,"column":2},"end":{"line":21,"column":17}},"loc":{"start":{"line":21,"column":17},"end":{"line":23,"column":3}}},"3":{"name":"(anonymous_3)","decl":{"start":{"line":25,"column":2},"end":{"line":25,"column":24}},"loc":{"start":{"line":25,"column":24},"end":{"line":27,"column":3}}},"4":{"name":"(anonymous_4)","decl":{"start":{"line":29,"column":2},"end":{"line":29,"column":19}},"loc":{"start":{"line":29,"column":56},"end":{"line":31,"column":3}}},"5":{"name":"(anonymous_5)","decl":{"start":{"line":33,"column":2},"end":{"line":33,"column":16}},"loc":{"start":{"line":33,"column":35},"end":{"line":35,"column":3}}}},"branchMap":{},"s":{"0":1,"1":1,"2":1,"3":1,"4":1,"5":1,"6":1,"7":0,"8":1,"9":0,"10":0,"11":0,"12":1},"f":{"0":1,"1":0,"2":1,"3":0,"4":0,"5":0},"b":{}}
,"/Users/seraphinaeschbach/udemy/test/activity_blog/frontend/src/app/pages/location-list/create-location-modal/create-location-modal.component.html": {"path":"/Users/seraphinaeschbach/udemy/test/activity_blog/frontend/src/app/pages/location-list/create-location-modal/create-location-modal.component.html","statementMap":{"0":{"start":{"line":1,"column":0},"end":{"line":1,"column":3339}}},"fnMap":{},"branchMap":{},"s":{"0":1},"f":{},"b":{},"_coverageSchema":"1a1c01bbd47fc00a2c39e90264f33305004495a9","hash":"5c0293e26c4e7620bb45f5d60dcf9348da2b4f3a"}
,"/Users/seraphinaeschbach/udemy/test/activity_blog/frontend/src/app/pages/location-list/create-location-modal/create-location-modal.component.ts": {"path":"/Users/seraphinaeschbach/udemy/test/activity_blog/frontend/src/app/pages/location-list/create-location-modal/create-location-modal.component.ts","statementMap":{"0":{"start":{"line":1,"column":0},"end":{"line":1,"column":42}},"1":{"start":{"line":2,"column":0},"end":{"line":2,"column":81}},"2":{"start":{"line":3,"column":0},"end":{"line":3,"column":56}},"3":{"start":{"line":4,"column":0},"end":{"line":4,"column":83}},"4":{"start":{"line":17,"column":4},"end":{"line":17,"column":61}},"5":{"start":{"line":21,"column":12},"end":{"line":21,"column":65}},"6":{"start":{"line":22,"column":12},"end":{"line":22,"column":43}},"7":{"start":{"line":23,"column":12},"end":{"line":23,"column":44}},"8":{"start":{"line":26,"column":4},"end":{"line":26,"column":28}},"9":{"start":{"line":27,"column":4},"end":{"line":27,"column":25}},"10":{"start":{"line":31,"column":4},"end":{"line":31,"column":94}},"11":{"start":{"line":31,"column":66},"end":{"line":31,"column":92}},"12":{"start":{"line":35,"column":4},"end":{"line":42,"column":7}},"13":{"start":{"line":46,"column":4},"end":{"line":53,"column":27}},"14":{"start":{"line":57,"column":4},"end":{"line":58,"column":65}},"15":{"start":{"line":58,"column":30},"end":{"line":58,"column":63}},"16":{"start":{"line":62,"column":4},"end":{"line":62,"column":31}},"17":{"start":{"line":66,"column":4},"end":{"line":68,"column":null}},"18":{"start":{"line":67,"column":6},"end":{"line":67,"column":19}},"19":{"start":{"line":69,"column":4},"end":{"line":69,"column":32}},"20":{"start":{"line":73,"column":4},"end":{"line":75,"column":null}},"21":{"start":{"line":74,"column":6},"end":{"line":74,"column":19}},"22":{"start":{"line":76,"column":26},"end":{"line":76,"column":71}},"23":{"start":{"line":76,"column":57},"end":{"line":76,"column":70}},"24":{"start":{"line":77,"column":4},"end":{"line":79,"column":null}},"25":{"start":{"line":78,"column":6},"end":{"line":78,"column":18}},"26":{"start":{"line":80,"column":4},"end":{"line":80,"column":17}},"27":{"start":{"line":84,"column":4},"end":{"line":86,"column":null}},"28":{"start":{"line":85,"column":6},"end":{"line":85,"column":19}},"29":{"start":{"line":87,"column":30},"end":{"line":87,"column":57}},"30":{"start":{"line":88,"column":4},"end":{"line":97,"column":null}},"31":{"start":{"line":89,"column":6},"end":{"line":96,"column":null}},"32":{"start":{"line":95,"column":10},"end":{"line":95,"column":22}},"33":{"start":{"line":98,"column":4},"end":{"line":98,"column":17}},"34":{"start":{"line":12,"column":13},"end":{"line":100,"column":null}}},"fnMap":{"0":{"name":"(anonymous_0)","decl":{"start":{"line":16,"column":2},"end":{"line":16,"column":6}},"loc":{"start":{"line":16,"column":15},"end":{"line":18,"column":3}}},"1":{"name":"(anonymous_1)","decl":{"start":{"line":20,"column":2},"end":{"line":20,"column":null}},"loc":{"start":{"line":23,"column":44},"end":{"line":23,"column":48}}},"2":{"name":"(anonymous_2)","decl":{"start":{"line":25,"column":2},"end":{"line":25,"column":10}},"loc":{"start":{"line":25,"column":10},"end":{"line":28,"column":3}}},"3":{"name":"(anonymous_3)","decl":{"start":{"line":30,"column":2},"end":{"line":30,"column":18}},"loc":{"start":{"line":30,"column":18},"end":{"line":32,"column":3}}},"4":{"name":"(anonymous_4)","decl":{"start":{"line":31,"column":53},"end":{"line":31,"column":62}},"loc":{"start":{"line":31,"column":66},"end":{"line":31,"column":92}}},"5":{"name":"(anonymous_5)","decl":{"start":{"line":34,"column":2},"end":{"line":34,"column":15}},"loc":{"start":{"line":34,"column":15},"end":{"line":43,"column":3}}},"6":{"name":"(anonymous_6)","decl":{"start":{"line":45,"column":2},"end":{"line":45,"column":22}},"loc":{"start":{"line":45,"column":22},"end":{"line":54,"column":3}}},"7":{"name":"(anonymous_7)","decl":{"start":{"line":56,"column":2},"end":{"line":56,"column":28}},"loc":{"start":{"line":56,"column":28},"end":{"line":59,"column":3}}},"8":{"name":"(anonymous_8)","decl":{"start":{"line":58,"column":15},"end":{"line":58,"column":26}},"loc":{"start":{"line":58,"column":30},"end":{"line":58,"column":63}}},"9":{"name":"(anonymous_9)","decl":{"start":{"line":61,"column":2},"end":{"line":61,"column":8}},"loc":{"start":{"line":61,"column":8},"end":{"line":63,"column":3}}},"10":{"name":"(anonymous_10)","decl":{"start":{"line":65,"column":2},"end":{"line":65,"column":9}},"loc":{"start":{"line":65,"column":9},"end":{"line":70,"column":3}}},"11":{"name":"(anonymous_11)","decl":{"start":{"line":72,"column":2},"end":{"line":72,"column":30}},"loc":{"start":{"line":72,"column":30},"end":{"line":81,"column":3}}},"12":{"name":"(anonymous_12)","decl":{"start":{"line":76,"column":45},"end":{"line":76,"column":53}},"loc":{"start":{"line":76,"column":57},"end":{"line":76,"column":70}}},"13":{"name":"(anonymous_13)","decl":{"start":{"line":83,"column":2},"end":{"line":83,"column":26}},"loc":{"start":{"line":83,"column":26},"end":{"line":99,"column":3}}}},"branchMap":{"0":{"loc":{"start":{"line":66,"column":4},"end":{"line":68,"column":null}},"type":"if","locations":[{"start":{"line":66,"column":4},"end":{"line":68,"column":null}}]},"1":{"loc":{"start":{"line":66,"column":7},"end":{"line":66,"column":77}},"type":"binary-expr","locations":[{"start":{"line":66,"column":7},"end":{"line":66,"column":42}},{"start":{"line":66,"column":46},"end":{"line":66,"column":77}}]},"2":{"loc":{"start":{"line":73,"column":4},"end":{"line":75,"column":null}},"type":"if","locations":[{"start":{"line":73,"column":4},"end":{"line":75,"column":null}}]},"3":{"loc":{"start":{"line":77,"column":4},"end":{"line":79,"column":null}},"type":"if","locations":[{"start":{"line":77,"column":4},"end":{"line":79,"column":null}}]},"4":{"loc":{"start":{"line":84,"column":4},"end":{"line":86,"column":null}},"type":"if","locations":[{"start":{"line":84,"column":4},"end":{"line":86,"column":null}}]},"5":{"loc":{"start":{"line":89,"column":6},"end":{"line":96,"column":null}},"type":"if","locations":[{"start":{"line":89,"column":6},"end":{"line":96,"column":null}}]},"6":{"loc":{"start":{"line":89,"column":9},"end":{"line":93,"column":67}},"type":"binary-expr","locations":[{"start":{"line":89,"column":9},"end":{"line":89,"column":49}},{"start":{"line":90,"column":11},"end":{"line":90,"column":57}},{"start":{"line":91,"column":11},"end":{"line":91,"column":63}},{"start":{"line":92,"column":11},"end":{"line":92,"column":55}},{"start":{"line":93,"column":11},"end":{"line":93,"column":67}}]}},"s":{"0":1,"1":1,"2":1,"3":1,"4":0,"5":1,"6":1,"7":1,"8":1,"9":1,"10":1,"11":0,"12":1,"13":4,"14":1,"15":1,"16":0,"17":2,"18":0,"19":2,"20":4,"21":4,"22":0,"23":0,"24":0,"25":0,"26":0,"27":4,"28":0,"29":4,"30":4,"31":0,"32":0,"33":4,"34":1},"f":{"0":0,"1":1,"2":1,"3":1,"4":0,"5":1,"6":4,"7":1,"8":1,"9":0,"10":2,"11":4,"12":0,"13":4},"b":{"0":[0],"1":[2,2],"2":[4],"3":[0],"4":[0],"5":[0],"6":[0,0,0,0,0]}}
}
