{"/Users/seraphinaeschbach/udemy/test/activity_blog/frontend/src/app/app.component.html": {"path":"/Users/seraphinaeschbach/udemy/test/activity_blog/frontend/src/app/app.component.html","statementMap":{"0":{"start":{"line":1,"column":0},"end":{"line":1,"column":136}}},"fnMap":{},"branchMap":{},"s":{"0":1},"f":{},"b":{},"_coverageSchema":"1a1c01bbd47fc00a2c39e90264f33305004495a9","hash":"f3e7cb6aa27c2c58cf788dabaa6e6743f1908980"}
,"/Users/seraphinaeschbach/udemy/test/activity_blog/frontend/src/app/app.component.ts": {"path":"/Users/seraphinaeschbach/udemy/test/activity_blog/frontend/src/app/app.component.ts","statementMap":{"0":{"start":{"line":1,"column":0},"end":{"line":1,"column":61}},"1":{"start":{"line":9,"column":7},"end":{"line":11,"column":null}},"2":{"start":{"line":9,"column":13},"end":{"line":9,"column":25}},"3":{"start":{"line":9,"column":13},"end":{"line":11,"column":null}}},"fnMap":{},"branchMap":{},"s":{"0":1,"1":1,"2":1,"3":1},"f":{},"b":{}}
,"/Users/seraphinaeschbach/udemy/test/activity_blog/frontend/src/app/core/material.module.ts": {"path":"/Users/seraphinaeschbach/udemy/test/activity_blog/frontend/src/app/core/material.module.ts","statementMap":{"0":{"start":{"line":1,"column":0},"end":{"line":1,"column":47}},"1":{"start":{"line":2,"column":0},"end":{"line":2,"column":56}},"2":{"start":{"line":3,"column":0},"end":{"line":3,"column":57}},"3":{"start":{"line":4,"column":0},"end":{"line":4,"column":56}},"4":{"start":{"line":5,"column":0},"end":{"line":5,"column":52}},"5":{"start":{"line":6,"column":0},"end":{"line":6,"column":50}},"6":{"start":{"line":7,"column":0},"end":{"line":7,"column":41}},"7":{"start":{"line":8,"column":0},"end":{"line":8,"column":66}},"8":{"start":{"line":9,"column":0},"end":{"line":9,"column":71}},"9":{"start":{"line":10,"column":0},"end":{"line":10,"column":57}},"10":{"start":{"line":11,"column":0},"end":{"line":11,"column":70}},"11":{"start":{"line":12,"column":0},"end":{"line":12,"column":59}},"12":{"start":{"line":13,"column":0},"end":{"line":13,"column":72}},"13":{"start":{"line":14,"column":0},"end":{"line":14,"column":55}},"14":{"start":{"line":15,"column":0},"end":{"line":15,"column":63}},"15":{"start":{"line":16,"column":0},"end":{"line":16,"column":57}},"16":{"start":{"line":17,"column":0},"end":{"line":17,"column":78}},"17":{"start":{"line":18,"column":0},"end":{"line":18,"column":67}},"18":{"start":{"line":19,"column":0},"end":{"line":19,"column":59}},"19":{"start":{"line":20,"column":0},"end":{"line":20,"column":61}},"20":{"start":{"line":21,"column":0},"end":{"line":21,"column":65}},"21":{"start":{"line":22,"column":0},"end":{"line":22,"column":66}},"22":{"start":{"line":23,"column":0},"end":{"line":23,"column":64}},"23":{"start":{"line":24,"column":0},"end":{"line":24,"column":72}},"24":{"start":{"line":25,"column":0},"end":{"line":25,"column":57}},"25":{"start":{"line":26,"column":0},"end":{"line":26,"column":55}},"26":{"start":{"line":27,"column":0},"end":{"line":27,"column":55}},"27":{"start":{"line":28,"column":0},"end":{"line":28,"column":65}},"28":{"start":{"line":29,"column":0},"end":{"line":29,"column":70}},"29":{"start":{"line":30,"column":0},"end":{"line":30,"column":78}},"30":{"start":{"line":31,"column":0},"end":{"line":31,"column":57}},"31":{"start":{"line":32,"column":0},"end":{"line":32,"column":59}},"32":{"start":{"line":33,"column":0},"end":{"line":33,"column":61}},"33":{"start":{"line":34,"column":0},"end":{"line":34,"column":70}},"34":{"start":{"line":35,"column":0},"end":{"line":35,"column":59}},"35":{"start":{"line":36,"column":0},"end":{"line":36,"column":64}},"36":{"start":{"line":37,"column":0},"end":{"line":37,"column":55}},"37":{"start":{"line":38,"column":0},"end":{"line":38,"column":61}},"38":{"start":{"line":39,"column":0},"end":{"line":39,"column":57}},"39":{"start":{"line":40,"column":0},"end":{"line":40,"column":55}},"40":{"start":{"line":41,"column":0},"end":{"line":41,"column":61}},"41":{"start":{"line":42,"column":0},"end":{"line":42,"column":61}},"42":{"start":{"line":43,"column":0},"end":{"line":43,"column":55}},"43":{"start":{"line":44,"column":0},"end":{"line":44,"column":57}},"44":{"start":{"line":46,"column":16},"end":{"line":92,"column":2}},"45":{"start":{"line":100,"column":12},"end":{"line":100,"column":44}},"46":{"start":{"line":101,"column":12},"end":{"line":101,"column":38}},"47":{"start":{"line":103,"column":4},"end":{"line":103,"column":72}},"48":{"start":{"line":104,"column":4},"end":{"line":104,"column":70}},"49":{"start":{"line":105,"column":4},"end":{"line":105,"column":90}},"50":{"start":{"line":106,"column":4},"end":{"line":106,"column":74}},"51":{"start":{"line":107,"column":4},"end":{"line":107,"column":80}},"52":{"start":{"line":108,"column":4},"end":{"line":108,"column":90}},"53":{"start":{"line":109,"column":4},"end":{"line":109,"column":76}},"54":{"start":{"line":110,"column":4},"end":{"line":110,"column":74}},"55":{"start":{"line":111,"column":4},"end":{"line":111,"column":72}},"56":{"start":{"line":112,"column":4},"end":{"line":112,"column":80}},"57":{"start":{"line":113,"column":4},"end":{"line":113,"column":82}},"58":{"start":{"line":114,"column":4},"end":{"line":114,"column":70}},"59":{"start":{"line":115,"column":4},"end":{"line":118,"column":6}},"60":{"start":{"line":119,"column":4},"end":{"line":122,"column":6}},"61":{"start":{"line":123,"column":4},"end":{"line":126,"column":6}},"62":{"start":{"line":127,"column":4},"end":{"line":127,"column":88}},"63":{"start":{"line":128,"column":4},"end":{"line":128,"column":76}},"64":{"start":{"line":129,"column":4},"end":{"line":129,"column":98}},"65":{"start":{"line":130,"column":4},"end":{"line":133,"column":6}},"66":{"start":{"line":134,"column":4},"end":{"line":134,"column":74}},"67":{"start":{"line":135,"column":4},"end":{"line":135,"column":78}},"68":{"start":{"line":136,"column":4},"end":{"line":139,"column":6}},"69":{"start":{"line":140,"column":4},"end":{"line":140,"column":90}},"70":{"start":{"line":141,"column":4},"end":{"line":144,"column":6}},"71":{"start":{"line":148,"column":4},"end":{"line":148,"column":98}},"72":{"start":{"line":98,"column":13},"end":{"line":98,"column":27}},"73":{"start":{"line":98,"column":13},"end":{"line":150,"column":null}}},"fnMap":{"0":{"name":"(anonymous_0)","decl":{"start":{"line":99,"column":2},"end":{"line":99,"column":null}},"loc":{"start":{"line":101,"column":38},"end":{"line":145,"column":3}}},"1":{"name":"(anonymous_1)","decl":{"start":{"line":147,"column":10},"end":{"line":147,"column":22}},"loc":{"start":{"line":147,"column":49},"end":{"line":149,"column":3}}}},"branchMap":{},"s":{"0":4,"1":4,"2":4,"3":4,"4":4,"5":4,"6":4,"7":4,"8":4,"9":4,"10":4,"11":4,"12":4,"13":4,"14":4,"15":4,"16":4,"17":4,"18":4,"19":4,"20":4,"21":4,"22":4,"23":4,"24":4,"25":4,"26":4,"27":4,"28":4,"29":4,"30":4,"31":4,"32":4,"33":4,"34":4,"35":4,"36":4,"37":4,"38":4,"39":4,"40":4,"41":4,"42":4,"43":4,"44":4,"45":4,"46":4,"47":4,"48":4,"49":4,"50":4,"51":4,"52":4,"53":4,"54":4,"55":4,"56":4,"57":4,"58":4,"59":4,"60":4,"61":4,"62":4,"63":4,"64":4,"65":4,"66":4,"67":4,"68":4,"69":4,"70":4,"71":96,"72":4,"73":4},"f":{"0":4,"1":96},"b":{}}
,"/Users/seraphinaeschbach/udemy/test/activity_blog/frontend/src/app/core/services/base.service.ts": {"path":"/Users/seraphinaeschbach/udemy/test/activity_blog/frontend/src/app/core/services/base.service.ts","statementMap":{"0":{"start":{"line":1,"column":0},"end":{"line":1,"column":51}},"1":{"start":{"line":2,"column":0},"end":{"line":2,"column":69}},"2":{"start":{"line":3,"column":0},"end":{"line":3,"column":71}},"3":{"start":{"line":4,"column":0},"end":{"line":4,"column":58}},"4":{"start":{"line":5,"column":0},"end":{"line":5,"column":null}},"5":{"start":{"line":9,"column":0},"end":{"line":9,"column":53}},"6":{"start":{"line":14,"column":7},"end":{"line":108,"column":null}},"7":{"start":{"line":15,"column":10},"end":{"line":15,"column":42}},"8":{"start":{"line":16,"column":10},"end":{"line":16,"column":41}},"9":{"start":{"line":17,"column":10},"end":{"line":17,"column":37}},"10":{"start":{"line":18,"column":10},"end":{"line":18,"column":23}},"11":{"start":{"line":21,"column":4},"end":{"line":21,"column":27}},"12":{"start":{"line":29,"column":4},"end":{"line":33,"column":6}},"13":{"start":{"line":42,"column":4},"end":{"line":46,"column":6}},"14":{"start":{"line":55,"column":4},"end":{"line":59,"column":6}},"15":{"start":{"line":68,"column":31},"end":{"line":71,"column":null}},"16":{"start":{"line":73,"column":4},"end":{"line":76,"column":6}},"17":{"start":{"line":84,"column":4},"end":{"line":94,"column":6}},"18":{"start":{"line":87,"column":10},"end":{"line":90,"column":15}},"19":{"start":{"line":88,"column":12},"end":{"line":90,"column":15}},"20":{"start":{"line":92,"column":26},"end":{"line":92,"column":65}},"21":{"start":{"line":101,"column":4},"end":{"line":106,"column":8}},"22":{"start":{"line":105,"column":46},"end":{"line":105,"column":78}},"23":{"start":{"line":14,"column":13},"end":{"line":14,"column":24}},"24":{"start":{"line":14,"column":13},"end":{"line":108,"column":null}}},"fnMap":{"0":{"name":"(anonymous_0)","decl":{"start":{"line":14,"column":7},"end":{"line":14,"column":13}},"loc":{"start":{"line":14,"column":7},"end":{"line":108,"column":1}}},"1":{"name":"(anonymous_1)","decl":{"start":{"line":20,"column":12},"end":{"line":20,"column":22}},"loc":{"start":{"line":20,"column":38},"end":{"line":22,"column":3}}},"2":{"name":"(anonymous_2)","decl":{"start":{"line":24,"column":12},"end":{"line":24,"column":15}},"loc":{"start":{"line":27,"column":44},"end":{"line":34,"column":3}}},"3":{"name":"(anonymous_3)","decl":{"start":{"line":36,"column":12},"end":{"line":36,"column":16}},"loc":{"start":{"line":40,"column":44},"end":{"line":47,"column":3}}},"4":{"name":"(anonymous_4)","decl":{"start":{"line":49,"column":12},"end":{"line":49,"column":15}},"loc":{"start":{"line":53,"column":44},"end":{"line":60,"column":3}}},"5":{"name":"(anonymous_5)","decl":{"start":{"line":62,"column":12},"end":{"line":62,"column":18}},"loc":{"start":{"line":66,"column":44},"end":{"line":77,"column":3}}},"6":{"name":"(anonymous_6)","decl":{"start":{"line":79,"column":10},"end":{"line":79,"column":22}},"loc":{"start":{"line":82,"column":44},"end":{"line":95,"column":3}}},"7":{"name":"(anonymous_7)","decl":{"start":{"line":86,"column":14},"end":{"line":86,"column":15}},"loc":{"start":{"line":86,"column":30},"end":{"line":91,"column":9}}},"8":{"name":"(anonymous_8)","decl":{"start":{"line":92,"column":15},"end":{"line":92,"column":16}},"loc":{"start":{"line":92,"column":26},"end":{"line":92,"column":65}}},"9":{"name":"(anonymous_9)","decl":{"start":{"line":97,"column":10},"end":{"line":97,"column":36}},"loc":{"start":{"line":99,"column":29},"end":{"line":107,"column":3}}},"10":{"name":"(anonymous_10)","decl":{"start":{"line":105,"column":18},"end":{"line":105,"column":19}},"loc":{"start":{"line":105,"column":46},"end":{"line":105,"column":78}}}},"branchMap":{"0":{"loc":{"start":{"line":87,"column":10},"end":{"line":90,"column":15}},"type":"if","locations":[{"start":{"line":87,"column":10},"end":{"line":90,"column":15}}]},"1":{"loc":{"start":{"line":105,"column":46},"end":{"line":105,"column":78}},"type":"cond-expr","locations":[{"start":{"line":105,"column":61},"end":{"line":105,"column":71}},{"start":{"line":105,"column":74},"end":{"line":105,"column":78}}]}},"s":{"0":10,"1":10,"2":10,"3":10,"4":10,"5":10,"6":10,"7":20,"8":20,"9":20,"10":20,"11":20,"12":13,"13":3,"14":0,"15":0,"16":0,"17":16,"18":0,"19":0,"20":0,"21":0,"22":0,"23":10,"24":10},"f":{"0":20,"1":20,"2":13,"3":3,"4":0,"5":0,"6":16,"7":0,"8":0,"9":0,"10":0},"b":{"0":[0],"1":[0,0]}}
,"/Users/seraphinaeschbach/udemy/test/activity_blog/frontend/src/app/core/services/activity/activity.service.ts": {"path":"/Users/seraphinaeschbach/udemy/test/activity_blog/frontend/src/app/core/services/activity/activity.service.ts","statementMap":{"0":{"start":{"line":1,"column":0},"end":{"line":1,"column":43}},"1":{"start":{"line":4,"column":0},"end":{"line":4,"column":46}},"2":{"start":{"line":13,"column":4},"end":{"line":13,"column":12}},"3":{"start":{"line":14,"column":4},"end":{"line":14,"column":32}},"4":{"start":{"line":18,"column":4},"end":{"line":18,"column":93}},"5":{"start":{"line":18,"column":61},"end":{"line":18,"column":91}},"6":{"start":{"line":22,"column":4},"end":{"line":22,"column":133}},"7":{"start":{"line":22,"column":75},"end":{"line":22,"column":131}},"8":{"start":{"line":26,"column":4},"end":{"line":26,"column":167}},"9":{"start":{"line":26,"column":74},"end":{"line":26,"column":120}},"10":{"start":{"line":26,"column":134},"end":{"line":26,"column":165}},"11":{"start":{"line":30,"column":4},"end":{"line":30,"column":167}},"12":{"start":{"line":30,"column":74},"end":{"line":30,"column":120}},"13":{"start":{"line":30,"column":134},"end":{"line":30,"column":165}},"14":{"start":{"line":34,"column":4},"end":{"line":34,"column":256}},"15":{"start":{"line":34,"column":163},"end":{"line":34,"column":209}},"16":{"start":{"line":34,"column":223},"end":{"line":34,"column":254}},"17":{"start":{"line":10,"column":13},"end":{"line":10,"column":28}},"18":{"start":{"line":10,"column":13},"end":{"line":36,"column":null}}},"fnMap":{"0":{"name":"(anonymous_0)","decl":{"start":{"line":12,"column":2},"end":{"line":12,"column":null}},"loc":{"start":{"line":12,"column":2},"end":{"line":15,"column":3}}},"1":{"name":"(anonymous_1)","decl":{"start":{"line":17,"column":2},"end":{"line":17,"column":17}},"loc":{"start":{"line":17,"column":36},"end":{"line":19,"column":3}}},"2":{"name":"(anonymous_2)","decl":{"start":{"line":18,"column":51},"end":{"line":18,"column":52}},"loc":{"start":{"line":18,"column":61},"end":{"line":18,"column":91}}},"3":{"name":"(anonymous_3)","decl":{"start":{"line":21,"column":2},"end":{"line":21,"column":23}},"loc":{"start":{"line":21,"column":57},"end":{"line":23,"column":3}}},"4":{"name":"(anonymous_4)","decl":{"start":{"line":22,"column":65},"end":{"line":22,"column":66}},"loc":{"start":{"line":22,"column":75},"end":{"line":22,"column":131}}},"5":{"name":"(anonymous_5)","decl":{"start":{"line":25,"column":2},"end":{"line":25,"column":16}},"loc":{"start":{"line":25,"column":53},"end":{"line":27,"column":3}}},"6":{"name":"(anonymous_6)","decl":{"start":{"line":26,"column":64},"end":{"line":26,"column":65}},"loc":{"start":{"line":26,"column":74},"end":{"line":26,"column":120}}},"7":{"name":"(anonymous_7)","decl":{"start":{"line":26,"column":121},"end":{"line":26,"column":122}},"loc":{"start":{"line":26,"column":134},"end":{"line":26,"column":165}}},"8":{"name":"(anonymous_8)","decl":{"start":{"line":29,"column":2},"end":{"line":29,"column":16}},"loc":{"start":{"line":29,"column":53},"end":{"line":31,"column":3}}},"9":{"name":"(anonymous_9)","decl":{"start":{"line":30,"column":64},"end":{"line":30,"column":65}},"loc":{"start":{"line":30,"column":74},"end":{"line":30,"column":120}}},"10":{"name":"(anonymous_10)","decl":{"start":{"line":30,"column":121},"end":{"line":30,"column":122}},"loc":{"start":{"line":30,"column":134},"end":{"line":30,"column":165}}},"11":{"name":"(anonymous_11)","decl":{"start":{"line":33,"column":2},"end":{"line":33,"column":16}},"loc":{"start":{"line":33,"column":35},"end":{"line":35,"column":3}}},"12":{"name":"(anonymous_12)","decl":{"start":{"line":34,"column":153},"end":{"line":34,"column":154}},"loc":{"start":{"line":34,"column":163},"end":{"line":34,"column":209}}},"13":{"name":"(anonymous_13)","decl":{"start":{"line":34,"column":210},"end":{"line":34,"column":211}},"loc":{"start":{"line":34,"column":223},"end":{"line":34,"column":254}}}},"branchMap":{},"s":{"0":3,"1":3,"2":5,"3":5,"4":0,"5":0,"6":3,"7":0,"8":0,"9":0,"10":0,"11":0,"12":0,"13":0,"14":0,"15":0,"16":0,"17":3,"18":3},"f":{"0":5,"1":0,"2":0,"3":3,"4":0,"5":0,"6":0,"7":0,"8":0,"9":0,"10":0,"11":0,"12":0,"13":0},"b":{}}
,"/Users/seraphinaeschbach/udemy/test/activity_blog/frontend/src/app/core/services/location/location.service.ts": {"path":"/Users/seraphinaeschbach/udemy/test/activity_blog/frontend/src/app/core/services/location/location.service.ts","statementMap":{"0":{"start":{"line":1,"column":0},"end":{"line":1,"column":43}},"1":{"start":{"line":5,"column":0},"end":{"line":5,"column":46}},"2":{"start":{"line":12,"column":18},"end":{"line":12,"column":29}},"3":{"start":{"line":13,"column":18},"end":{"line":13,"column":24}},"4":{"start":{"line":14,"column":18},"end":{"line":14,"column":25}},"5":{"start":{"line":15,"column":18},"end":{"line":15,"column":24}},"6":{"start":{"line":18,"column":4},"end":{"line":18,"column":12}},"7":{"start":{"line":19,"column":4},"end":{"line":19,"column":32}},"8":{"start":{"line":23,"column":4},"end":{"line":23,"column":115}},"9":{"start":{"line":23,"column":62},"end":{"line":23,"column":113}},"10":{"start":{"line":27,"column":4},"end":{"line":27,"column":105}},"11":{"start":{"line":27,"column":53},"end":{"line":27,"column":103}},"12":{"start":{"line":31,"column":4},"end":{"line":31,"column":124}},"13":{"start":{"line":31,"column":63},"end":{"line":31,"column":122}},"14":{"start":{"line":35,"column":4},"end":{"line":35,"column":123}},"15":{"start":{"line":35,"column":75},"end":{"line":35,"column":121}},"16":{"start":{"line":39,"column":4},"end":{"line":39,"column":221}},"17":{"start":{"line":39,"column":164},"end":{"line":39,"column":219}},"18":{"start":{"line":11,"column":13},"end":{"line":11,"column":28}},"19":{"start":{"line":11,"column":13},"end":{"line":41,"column":null}}},"fnMap":{"0":{"name":"(anonymous_0)","decl":{"start":{"line":17,"column":2},"end":{"line":17,"column":null}},"loc":{"start":{"line":17,"column":2},"end":{"line":20,"column":3}}},"1":{"name":"(anonymous_1)","decl":{"start":{"line":22,"column":2},"end":{"line":22,"column":17}},"loc":{"start":{"line":22,"column":36},"end":{"line":24,"column":3}}},"2":{"name":"(anonymous_2)","decl":{"start":{"line":23,"column":51},"end":{"line":23,"column":52}},"loc":{"start":{"line":23,"column":62},"end":{"line":23,"column":113}}},"3":{"name":"(anonymous_3)","decl":{"start":{"line":26,"column":2},"end":{"line":26,"column":17}},"loc":{"start":{"line":26,"column":17},"end":{"line":28,"column":3}}},"4":{"name":"(anonymous_4)","decl":{"start":{"line":27,"column":42},"end":{"line":27,"column":43}},"loc":{"start":{"line":27,"column":53},"end":{"line":27,"column":103}}},"5":{"name":"(anonymous_5)","decl":{"start":{"line":30,"column":2},"end":{"line":30,"column":24}},"loc":{"start":{"line":30,"column":24},"end":{"line":32,"column":3}}},"6":{"name":"(anonymous_6)","decl":{"start":{"line":31,"column":52},"end":{"line":31,"column":53}},"loc":{"start":{"line":31,"column":63},"end":{"line":31,"column":122}}},"7":{"name":"(anonymous_7)","decl":{"start":{"line":34,"column":2},"end":{"line":34,"column":19}},"loc":{"start":{"line":34,"column":56},"end":{"line":36,"column":3}}},"8":{"name":"(anonymous_8)","decl":{"start":{"line":35,"column":64},"end":{"line":35,"column":65}},"loc":{"start":{"line":35,"column":75},"end":{"line":35,"column":121}}},"9":{"name":"(anonymous_9)","decl":{"start":{"line":38,"column":2},"end":{"line":38,"column":16}},"loc":{"start":{"line":38,"column":35},"end":{"line":40,"column":3}}},"10":{"name":"(anonymous_10)","decl":{"start":{"line":39,"column":153},"end":{"line":39,"column":154}},"loc":{"start":{"line":39,"column":164},"end":{"line":39,"column":219}}}},"branchMap":{},"s":{"0":7,"1":7,"2":7,"3":7,"4":7,"5":7,"6":10,"7":10,"8":0,"9":0,"10":8,"11":0,"12":1,"13":0,"14":0,"15":0,"16":0,"17":0,"18":7,"19":7},"f":{"0":10,"1":0,"2":0,"3":8,"4":0,"5":1,"6":0,"7":0,"8":0,"9":0,"10":0},"b":{}}
,"/Users/seraphinaeschbach/udemy/test/activity_blog/frontend/src/app/core/services/person/person.service.ts": {"path":"/Users/seraphinaeschbach/udemy/test/activity_blog/frontend/src/app/core/services/person/person.service.ts","statementMap":{"0":{"start":{"line":1,"column":0},"end":{"line":1,"column":43}},"1":{"start":{"line":4,"column":0},"end":{"line":4,"column":46}},"2":{"start":{"line":13,"column":4},"end":{"line":13,"column":12}},"3":{"start":{"line":14,"column":4},"end":{"line":14,"column":30}},"4":{"start":{"line":18,"column":4},"end":{"line":18,"column":109}},"5":{"start":{"line":18,"column":58},"end":{"line":18,"column":107}},"6":{"start":{"line":22,"column":4},"end":{"line":22,"column":102}},"7":{"start":{"line":22,"column":52},"end":{"line":22,"column":100}},"8":{"start":{"line":26,"column":4},"end":{"line":26,"column":120}},"9":{"start":{"line":26,"column":61},"end":{"line":26,"column":118}},"10":{"start":{"line":30,"column":4},"end":{"line":30,"column":117}},"11":{"start":{"line":30,"column":71},"end":{"line":30,"column":115}},"12":{"start":{"line":34,"column":4},"end":{"line":34,"column":206}},"13":{"start":{"line":34,"column":157},"end":{"line":34,"column":204}},"14":{"start":{"line":10,"column":13},"end":{"line":10,"column":26}},"15":{"start":{"line":10,"column":13},"end":{"line":36,"column":null}}},"fnMap":{"0":{"name":"(anonymous_0)","decl":{"start":{"line":12,"column":2},"end":{"line":12,"column":null}},"loc":{"start":{"line":12,"column":2},"end":{"line":15,"column":3}}},"1":{"name":"(anonymous_1)","decl":{"start":{"line":17,"column":2},"end":{"line":17,"column":15}},"loc":{"start":{"line":17,"column":32},"end":{"line":19,"column":3}}},"2":{"name":"(anonymous_2)","decl":{"start":{"line":18,"column":47},"end":{"line":18,"column":48}},"loc":{"start":{"line":18,"column":58},"end":{"line":18,"column":107}}},"3":{"name":"(anonymous_3)","decl":{"start":{"line":21,"column":2},"end":{"line":21,"column":15}},"loc":{"start":{"line":21,"column":15},"end":{"line":23,"column":3}}},"4":{"name":"(anonymous_4)","decl":{"start":{"line":22,"column":41},"end":{"line":22,"column":42}},"loc":{"start":{"line":22,"column":52},"end":{"line":22,"column":100}}},"5":{"name":"(anonymous_5)","decl":{"start":{"line":25,"column":2},"end":{"line":25,"column":22}},"loc":{"start":{"line":25,"column":22},"end":{"line":27,"column":3}}},"6":{"name":"(anonymous_6)","decl":{"start":{"line":26,"column":50},"end":{"line":26,"column":51}},"loc":{"start":{"line":26,"column":61},"end":{"line":26,"column":118}}},"7":{"name":"(anonymous_7)","decl":{"start":{"line":29,"column":2},"end":{"line":29,"column":17}},"loc":{"start":{"line":29,"column":50},"end":{"line":31,"column":3}}},"8":{"name":"(anonymous_8)","decl":{"start":{"line":30,"column":60},"end":{"line":30,"column":61}},"loc":{"start":{"line":30,"column":71},"end":{"line":30,"column":115}}},"9":{"name":"(anonymous_9)","decl":{"start":{"line":33,"column":2},"end":{"line":33,"column":14}},"loc":{"start":{"line":33,"column":31},"end":{"line":35,"column":3}}},"10":{"name":"(anonymous_10)","decl":{"start":{"line":34,"column":146},"end":{"line":34,"column":147}},"loc":{"start":{"line":34,"column":157},"end":{"line":34,"column":204}}}},"branchMap":{},"s":{"0":7,"1":7,"2":5,"3":5,"4":0,"5":0,"6":3,"7":0,"8":1,"9":0,"10":0,"11":0,"12":0,"13":0,"14":7,"15":7},"f":{"0":5,"1":0,"2":0,"3":3,"4":0,"5":1,"6":0,"7":0,"8":0,"9":0,"10":0},"b":{}}
,"/Users/seraphinaeschbach/udemy/test/activity_blog/frontend/src/app/core/utils/math/math.utils.ts": {"path":"/Users/seraphinaeschbach/udemy/test/activity_blog/frontend/src/app/core/utils/math/math.utils.ts","statementMap":{"0":{"start":{"line":1,"column":0},"end":{"line":1,"column":16}},"1":{"start":{"line":2,"column":4},"end":{"line":4,"column":5}},"2":{"start":{"line":3,"column":6},"end":{"line":3,"column":15}},"3":{"start":{"line":5,"column":4},"end":{"line":7,"column":5}},"4":{"start":{"line":6,"column":6},"end":{"line":6,"column":15}},"5":{"start":{"line":8,"column":4},"end":{"line":8,"column":31}}},"fnMap":{"0":{"name":"smoothstep","decl":{"start":{"line":1,"column":16},"end":{"line":1,"column":26}},"loc":{"start":{"line":1,"column":36},"end":{"line":9,"column":3}}}},"branchMap":{"0":{"loc":{"start":{"line":2,"column":4},"end":{"line":4,"column":5}},"type":"if","locations":[{"start":{"line":2,"column":4},"end":{"line":4,"column":5}}]},"1":{"loc":{"start":{"line":5,"column":4},"end":{"line":7,"column":5}},"type":"if","locations":[{"start":{"line":5,"column":4},"end":{"line":7,"column":5}}]}},"s":{"0":1,"1":8,"2":5,"3":3,"4":0,"5":3},"f":{"0":8},"b":{"0":[5],"1":[0]}}
,"/Users/seraphinaeschbach/udemy/test/activity_blog/frontend/src/app/pages/activity-list/activity-list.component.html": {"path":"/Users/seraphinaeschbach/udemy/test/activity_blog/frontend/src/app/pages/activity-list/activity-list.component.html","statementMap":{"0":{"start":{"line":1,"column":0},"end":{"line":1,"column":1152}}},"fnMap":{},"branchMap":{},"s":{"0":1},"f":{},"b":{},"_coverageSchema":"1a1c01bbd47fc00a2c39e90264f33305004495a9","hash":"df1f57cde652b9914ee116023cdbf0aba87cd5bf"}
,"/Users/seraphinaeschbach/udemy/test/activity_blog/frontend/src/app/pages/activity-list/activity-list.component.ts": {"path":"/Users/seraphinaeschbach/udemy/test/activity_blog/frontend/src/app/pages/activity-list/activity-list.component.ts","statementMap":{"0":{"start":{"line":1,"column":0},"end":{"line":1,"column":69}},"1":{"start":{"line":2,"column":0},"end":{"line":2,"column":53}},"2":{"start":{"line":4,"column":0},"end":{"line":4,"column":80}},"3":{"start":{"line":5,"column":0},"end":{"line":5,"column":83}},"4":{"start":{"line":16,"column":2},"end":{"line":16,"column":44}},"5":{"start":{"line":17,"column":2},"end":{"line":17,"column":29}},"6":{"start":{"line":21,"column":2},"end":{"line":21,"column":37}},"7":{"start":{"line":22,"column":2},"end":{"line":22,"column":43}},"8":{"start":{"line":25,"column":4},"end":{"line":25,"column":26}},"9":{"start":{"line":29,"column":4},"end":{"line":37,"column":9}},"10":{"start":{"line":33,"column":8},"end":{"line":36,"column":9}},"11":{"start":{"line":34,"column":10},"end":{"line":34,"column":41}},"12":{"start":{"line":35,"column":10},"end":{"line":35,"column":41}},"13":{"start":{"line":41,"column":4},"end":{"line":43,"column":6}},"14":{"start":{"line":42,"column":20},"end":{"line":42,"column":46}},"15":{"start":{"line":44,"column":4},"end":{"line":46,"column":5}},"16":{"start":{"line":45,"column":6},"end":{"line":45,"column":47}},"17":{"start":{"line":50,"column":21},"end":{"line":51,"column":null}},"18":{"start":{"line":51,"column":20},"end":{"line":51,"column":52}},"19":{"start":{"line":53,"column":4},"end":{"line":55,"column":5}},"20":{"start":{"line":54,"column":6},"end":{"line":54,"column":37}},"21":{"start":{"line":59,"column":4},"end":{"line":59,"column":26}},"22":{"start":{"line":60,"column":4},"end":{"line":60,"column":24}},"23":{"start":{"line":64,"column":4},"end":{"line":69,"column":9}},"24":{"start":{"line":67,"column":8},"end":{"line":67,"column":37}},"25":{"start":{"line":68,"column":8},"end":{"line":68,"column":44}},"26":{"start":{"line":13,"column":13},"end":{"line":13,"column":34}},"27":{"start":{"line":13,"column":13},"end":{"line":71,"column":null}}},"fnMap":{"0":{"name":"(anonymous_0)","decl":{"start":{"line":13,"column":7},"end":{"line":13,"column":13}},"loc":{"start":{"line":13,"column":7},"end":{"line":71,"column":1}}},"1":{"name":"(anonymous_1)","decl":{"start":{"line":24,"column":2},"end":{"line":24,"column":10}},"loc":{"start":{"line":24,"column":10},"end":{"line":26,"column":3}}},"2":{"name":"(anonymous_2)","decl":{"start":{"line":28,"column":2},"end":{"line":28,"column":19}},"loc":{"start":{"line":28,"column":19},"end":{"line":38,"column":3}}},"3":{"name":"(anonymous_3)","decl":{"start":{"line":32,"column":17},"end":{"line":32,"column":18}},"loc":{"start":{"line":32,"column":43},"end":{"line":37,"column":7}}},"4":{"name":"(anonymous_4)","decl":{"start":{"line":40,"column":2},"end":{"line":40,"column":18}},"loc":{"start":{"line":40,"column":37},"end":{"line":47,"column":3}}},"5":{"name":"(anonymous_5)","decl":{"start":{"line":42,"column":6},"end":{"line":42,"column":7}},"loc":{"start":{"line":42,"column":20},"end":{"line":42,"column":46}}},"6":{"name":"(anonymous_6)","decl":{"start":{"line":49,"column":2},"end":{"line":49,"column":16}},"loc":{"start":{"line":49,"column":41},"end":{"line":56,"column":3}}},"7":{"name":"(anonymous_7)","decl":{"start":{"line":51,"column":6},"end":{"line":51,"column":7}},"loc":{"start":{"line":51,"column":20},"end":{"line":51,"column":52}}},"8":{"name":"(anonymous_8)","decl":{"start":{"line":58,"column":2},"end":{"line":58,"column":24}},"loc":{"start":{"line":58,"column":24},"end":{"line":61,"column":3}}},"9":{"name":"(anonymous_9)","decl":{"start":{"line":63,"column":2},"end":{"line":63,"column":16}},"loc":{"start":{"line":63,"column":16},"end":{"line":70,"column":3}}},"10":{"name":"(anonymous_10)","decl":{"start":{"line":66,"column":17},"end":{"line":66,"column":18}},"loc":{"start":{"line":66,"column":32},"end":{"line":69,"column":7}}}},"branchMap":{"0":{"loc":{"start":{"line":33,"column":8},"end":{"line":36,"column":9}},"type":"if","locations":[{"start":{"line":33,"column":8},"end":{"line":36,"column":9}}]},"1":{"loc":{"start":{"line":44,"column":4},"end":{"line":46,"column":5}},"type":"if","locations":[{"start":{"line":44,"column":4},"end":{"line":46,"column":5}}]},"2":{"loc":{"start":{"line":53,"column":4},"end":{"line":55,"column":5}},"type":"if","locations":[{"start":{"line":53,"column":4},"end":{"line":55,"column":5}}]}},"s":{"0":1,"1":1,"2":1,"3":1,"4":3,"5":3,"6":3,"7":3,"8":4,"9":1,"10":1,"11":1,"12":1,"13":0,"14":0,"15":0,"16":0,"17":0,"18":0,"19":0,"20":0,"21":0,"22":0,"23":4,"24":1,"25":1,"26":1,"27":1},"f":{"0":3,"1":4,"2":1,"3":1,"4":0,"5":0,"6":0,"7":0,"8":0,"9":4,"10":1},"b":{"0":[1],"1":[0],"2":[0]}}
,"/Users/seraphinaeschbach/udemy/test/activity_blog/frontend/src/app/pages/activity-list/activity-card/activity-card.component.html": {"path":"/Users/seraphinaeschbach/udemy/test/activity_blog/frontend/src/app/pages/activity-list/activity-card/activity-card.component.html","statementMap":{"0":{"start":{"line":1,"column":0},"end":{"line":1,"column":1142}}},"fnMap":{},"branchMap":{},"s":{"0":1},"f":{},"b":{},"_coverageSchema":"1a1c01bbd47fc00a2c39e90264f33305004495a9","hash":"5e8bdd08eaf3ee2d65aba78470786bc5cc0fc981"}
,"/Users/seraphinaeschbach/udemy/test/activity_blog/frontend/src/app/pages/activity-list/activity-card/activity-card.component.ts": {"path":"/Users/seraphinaeschbach/udemy/test/activity_blog/frontend/src/app/pages/activity-list/activity-card/activity-card.component.ts","statementMap":{"0":{"start":{"line":1,"column":0},"end":{"line":1,"column":43}},"1":{"start":{"line":2,"column":0},"end":{"line":2,"column":71}},"2":{"start":{"line":19,"column":2},"end":{"line":19,"column":null}},"3":{"start":{"line":21,"column":2},"end":{"line":21,"column":35}},"4":{"start":{"line":24,"column":4},"end":{"line":24,"column":57}},"5":{"start":{"line":28,"column":4},"end":{"line":28,"column":54}},"6":{"start":{"line":32,"column":4},"end":{"line":32,"column":25}},"7":{"start":{"line":32,"column":15},"end":{"line":32,"column":25}},"8":{"start":{"line":33,"column":4},"end":{"line":37,"column":6}},"9":{"start":{"line":14,"column":13},"end":{"line":14,"column":34}},"10":{"start":{"line":14,"column":13},"end":{"line":39,"column":null}}},"fnMap":{"0":{"name":"(anonymous_0)","decl":{"start":{"line":14,"column":7},"end":{"line":14,"column":13}},"loc":{"start":{"line":14,"column":7},"end":{"line":39,"column":1}}},"1":{"name":"(anonymous_1)","decl":{"start":{"line":23,"column":2},"end":{"line":23,"column":15}},"loc":{"start":{"line":23,"column":26},"end":{"line":25,"column":3}}},"2":{"name":"(anonymous_2)","decl":{"start":{"line":27,"column":2},"end":{"line":27,"column":15}},"loc":{"start":{"line":27,"column":26},"end":{"line":29,"column":3}}},"3":{"name":"(anonymous_3)","decl":{"start":{"line":31,"column":10},"end":{"line":31,"column":27}},"loc":{"start":{"line":31,"column":38},"end":{"line":38,"column":3}}}},"branchMap":{"0":{"loc":{"start":{"line":32,"column":4},"end":{"line":32,"column":25}},"type":"if","locations":[{"start":{"line":32,"column":4},"end":{"line":32,"column":25}}]},"1":{"loc":{"start":{"line":34,"column":6},"end":{"line":36,"column":26}},"type":"binary-expr","locations":[{"start":{"line":34,"column":6},"end":{"line":36,"column":20}},{"start":{"line":36,"column":24},"end":{"line":36,"column":26}}]}},"s":{"0":1,"1":1,"2":1,"3":1,"4":2,"5":2,"6":4,"7":4,"8":0,"9":1,"10":1},"f":{"0":1,"1":2,"2":2,"3":4},"b":{"0":[4],"1":[0,0]}}
,"/Users/seraphinaeschbach/udemy/test/activity_blog/frontend/src/app/pages/activity-list/activity-filter/activity-filter.component.html": {"path":"/Users/seraphinaeschbach/udemy/test/activity_blog/frontend/src/app/pages/activity-list/activity-filter/activity-filter.component.html","statementMap":{"0":{"start":{"line":1,"column":0},"end":{"line":1,"column":2619}}},"fnMap":{},"branchMap":{},"s":{"0":1},"f":{},"b":{},"_coverageSchema":"1a1c01bbd47fc00a2c39e90264f33305004495a9","hash":"85caa89f67b7fd2eee5a54dee71ef953c1d46ebf"}
,"/Users/seraphinaeschbach/udemy/test/activity_blog/frontend/src/app/pages/activity-list/activity-filter/activity-filter.component.ts": {"path":"/Users/seraphinaeschbach/udemy/test/activity_blog/frontend/src/app/pages/activity-list/activity-filter/activity-filter.component.ts","statementMap":{"0":{"start":{"line":1,"column":0},"end":{"line":1,"column":null}},"1":{"start":{"line":10,"column":0},"end":{"line":10,"column":77}},"2":{"start":{"line":11,"column":0},"end":{"line":11,"column":83}},"3":{"start":{"line":25,"column":2},"end":{"line":25,"column":null}},"4":{"start":{"line":27,"column":2},"end":{"line":27,"column":40}},"5":{"start":{"line":28,"column":2},"end":{"line":28,"column":44}},"6":{"start":{"line":34,"column":4},"end":{"line":36,"column":56}},"7":{"start":{"line":36,"column":31},"end":{"line":36,"column":53}},"8":{"start":{"line":37,"column":4},"end":{"line":39,"column":62}},"9":{"start":{"line":39,"column":33},"end":{"line":39,"column":59}},"10":{"start":{"line":43,"column":4},"end":{"line":43,"column":54}},"11":{"start":{"line":43,"column":41},"end":{"line":43,"column":54}},"12":{"start":{"line":44,"column":4},"end":{"line":44,"column":61}},"13":{"start":{"line":48,"column":4},"end":{"line":48,"column":53}},"14":{"start":{"line":48,"column":40},"end":{"line":48,"column":53}},"15":{"start":{"line":49,"column":4},"end":{"line":49,"column":54}},"16":{"start":{"line":20,"column":13},"end":{"line":20,"column":36}},"17":{"start":{"line":20,"column":13},"end":{"line":51,"column":null}}},"fnMap":{"0":{"name":"(anonymous_0)","decl":{"start":{"line":20,"column":7},"end":{"line":20,"column":13}},"loc":{"start":{"line":20,"column":7},"end":{"line":51,"column":1}}},"1":{"name":"(anonymous_1)","decl":{"start":{"line":33,"column":2},"end":{"line":33,"column":10}},"loc":{"start":{"line":33,"column":10},"end":{"line":40,"column":3}}},"2":{"name":"(anonymous_2)","decl":{"start":{"line":36,"column":17},"end":{"line":36,"column":18}},"loc":{"start":{"line":36,"column":31},"end":{"line":36,"column":53}}},"3":{"name":"(anonymous_3)","decl":{"start":{"line":39,"column":17},"end":{"line":39,"column":18}},"loc":{"start":{"line":39,"column":33},"end":{"line":39,"column":59}}},"4":{"name":"(anonymous_4)","decl":{"start":{"line":42,"column":2},"end":{"line":42,"column":18}},"loc":{"start":{"line":42,"column":36},"end":{"line":45,"column":3}}},"5":{"name":"(anonymous_5)","decl":{"start":{"line":47,"column":2},"end":{"line":47,"column":26}},"loc":{"start":{"line":47,"column":44},"end":{"line":50,"column":3}}}},"branchMap":{"0":{"loc":{"start":{"line":43,"column":4},"end":{"line":43,"column":54}},"type":"if","locations":[{"start":{"line":43,"column":4},"end":{"line":43,"column":54}}]},"1":{"loc":{"start":{"line":48,"column":4},"end":{"line":48,"column":53}},"type":"if","locations":[{"start":{"line":48,"column":4},"end":{"line":48,"column":53}}]}},"s":{"0":1,"1":1,"2":1,"3":1,"4":1,"5":1,"6":1,"7":0,"8":1,"9":0,"10":0,"11":0,"12":0,"13":0,"14":0,"15":0,"16":1,"17":1},"f":{"0":1,"1":1,"2":0,"3":0,"4":0,"5":0},"b":{"0":[0],"1":[0]}}
,"/Users/seraphinaeschbach/udemy/test/activity_blog/frontend/src/app/pages/activity-list/activity-list-card/activity-list-card.component.html": {"path":"/Users/seraphinaeschbach/udemy/test/activity_blog/frontend/src/app/pages/activity-list/activity-list-card/activity-list-card.component.html","statementMap":{"0":{"start":{"line":1,"column":0},"end":{"line":1,"column":1432}}},"fnMap":{},"branchMap":{},"s":{"0":1},"f":{},"b":{},"_coverageSchema":"1a1c01bbd47fc00a2c39e90264f33305004495a9","hash":"4e3def562e30ec59110fe5b2f7c0eb35542a3ff6"}
,"/Users/seraphinaeschbach/udemy/test/activity_blog/frontend/src/app/pages/activity-list/activity-list-card/activity-list-card.component.ts": {"path":"/Users/seraphinaeschbach/udemy/test/activity_blog/frontend/src/app/pages/activity-list/activity-list-card/activity-list-card.component.ts","statementMap":{"0":{"start":{"line":1,"column":0},"end":{"line":1,"column":71}},"1":{"start":{"line":2,"column":0},"end":{"line":2,"column":43}},"2":{"start":{"line":4,"column":0},"end":{"line":4,"column":53}},"3":{"start":{"line":5,"column":0},"end":{"line":5,"column":83}},"4":{"start":{"line":6,"column":0},"end":{"line":6,"column":84}},"5":{"start":{"line":7,"column":0},"end":{"line":7,"column":77}},"6":{"start":{"line":28,"column":12},"end":{"line":28,"column":29}},"7":{"start":{"line":29,"column":12},"end":{"line":29,"column":44}},"8":{"start":{"line":21,"column":2},"end":{"line":21,"column":null}},"9":{"start":{"line":23,"column":2},"end":{"line":23,"column":null}},"10":{"start":{"line":25,"column":2},"end":{"line":25,"column":35}},"11":{"start":{"line":33,"column":4},"end":{"line":38,"column":9}},"12":{"start":{"line":37,"column":8},"end":{"line":37,"column":57}},"13":{"start":{"line":42,"column":4},"end":{"line":44,"column":72}},"14":{"start":{"line":44,"column":23},"end":{"line":44,"column":70}},"15":{"start":{"line":48,"column":4},"end":{"line":48,"column":50}},"16":{"start":{"line":52,"column":4},"end":{"line":52,"column":57}},"17":{"start":{"line":56,"column":4},"end":{"line":56,"column":54}},"18":{"start":{"line":60,"column":4},"end":{"line":60,"column":25}},"19":{"start":{"line":60,"column":15},"end":{"line":60,"column":25}},"20":{"start":{"line":61,"column":4},"end":{"line":65,"column":6}},"21":{"start":{"line":14,"column":13},"end":{"line":14,"column":38}},"22":{"start":{"line":14,"column":13},"end":{"line":67,"column":null}}},"fnMap":{"0":{"name":"(anonymous_0)","decl":{"start":{"line":27,"column":2},"end":{"line":27,"column":null}},"loc":{"start":{"line":29,"column":44},"end":{"line":30,"column":6}}},"1":{"name":"(anonymous_1)","decl":{"start":{"line":32,"column":2},"end":{"line":32,"column":25}},"loc":{"start":{"line":32,"column":25},"end":{"line":39,"column":3}}},"2":{"name":"(anonymous_2)","decl":{"start":{"line":36,"column":17},"end":{"line":36,"column":18}},"loc":{"start":{"line":36,"column":43},"end":{"line":38,"column":7}}},"3":{"name":"(anonymous_3)","decl":{"start":{"line":41,"column":2},"end":{"line":41,"column":16}},"loc":{"start":{"line":41,"column":16},"end":{"line":45,"column":3}}},"4":{"name":"(anonymous_4)","decl":{"start":{"line":44,"column":17},"end":{"line":44,"column":20}},"loc":{"start":{"line":44,"column":23},"end":{"line":44,"column":70}}},"5":{"name":"(anonymous_5)","decl":{"start":{"line":47,"column":2},"end":{"line":47,"column":14}},"loc":{"start":{"line":47,"column":14},"end":{"line":49,"column":3}}},"6":{"name":"(anonymous_6)","decl":{"start":{"line":51,"column":2},"end":{"line":51,"column":15}},"loc":{"start":{"line":51,"column":26},"end":{"line":53,"column":3}}},"7":{"name":"(anonymous_7)","decl":{"start":{"line":55,"column":2},"end":{"line":55,"column":15}},"loc":{"start":{"line":55,"column":26},"end":{"line":57,"column":3}}},"8":{"name":"(anonymous_8)","decl":{"start":{"line":59,"column":10},"end":{"line":59,"column":27}},"loc":{"start":{"line":59,"column":38},"end":{"line":66,"column":3}}}},"branchMap":{"0":{"loc":{"start":{"line":60,"column":4},"end":{"line":60,"column":25}},"type":"if","locations":[{"start":{"line":60,"column":4},"end":{"line":60,"column":25}}]},"1":{"loc":{"start":{"line":62,"column":6},"end":{"line":64,"column":26}},"type":"binary-expr","locations":[{"start":{"line":62,"column":6},"end":{"line":64,"column":20}},{"start":{"line":64,"column":24},"end":{"line":64,"column":26}}]}},"s":{"0":1,"1":1,"2":1,"3":1,"4":1,"5":1,"6":1,"7":1,"8":1,"9":1,"10":1,"11":0,"12":0,"13":0,"14":0,"15":0,"16":0,"17":0,"18":0,"19":0,"20":0,"21":1,"22":1},"f":{"0":1,"1":0,"2":0,"3":0,"4":0,"5":0,"6":0,"7":0,"8":0},"b":{"0":[0],"1":[0,0]}}
,"/Users/seraphinaeschbach/udemy/test/activity_blog/frontend/src/app/pages/activity-list/activity-modal/activity-modal.component.html": {"path":"/Users/seraphinaeschbach/udemy/test/activity_blog/frontend/src/app/pages/activity-list/activity-modal/activity-modal.component.html","statementMap":{"0":{"start":{"line":1,"column":0},"end":{"line":1,"column":3231}}},"fnMap":{},"branchMap":{},"s":{"0":3},"f":{},"b":{},"_coverageSchema":"1a1c01bbd47fc00a2c39e90264f33305004495a9","hash":"973fb0f757883b56626eaac37a397d92b4ae5648"}
,"/Users/seraphinaeschbach/udemy/test/activity_blog/frontend/src/app/pages/activity-list/activity-modal/activity-modal.component.ts": {"path":"/Users/seraphinaeschbach/udemy/test/activity_blog/frontend/src/app/pages/activity-list/activity-modal/activity-modal.component.ts","statementMap":{"0":{"start":{"line":1,"column":0},"end":{"line":1,"column":58}},"1":{"start":{"line":2,"column":0},"end":{"line":2,"column":null}},"2":{"start":{"line":7,"column":0},"end":{"line":7,"column":73}},"3":{"start":{"line":8,"column":0},"end":{"line":8,"column":null}},"4":{"start":{"line":15,"column":0},"end":{"line":15,"column":83}},"5":{"start":{"line":16,"column":0},"end":{"line":16,"column":83}},"6":{"start":{"line":17,"column":0},"end":{"line":17,"column":77}},"7":{"start":{"line":32,"column":4},"end":{"line":32,"column":61}},"8":{"start":{"line":36,"column":4},"end":{"line":36,"column":63}},"9":{"start":{"line":40,"column":37},"end":{"line":40,"column":54}},"10":{"start":{"line":41,"column":12},"end":{"line":41,"column":59}},"11":{"start":{"line":42,"column":12},"end":{"line":42,"column":43}},"12":{"start":{"line":43,"column":12},"end":{"line":43,"column":44}},"13":{"start":{"line":44,"column":12},"end":{"line":44,"column":40}},"14":{"start":{"line":45,"column":12},"end":{"line":45,"column":44}},"15":{"start":{"line":49,"column":4},"end":{"line":49,"column":26}},"16":{"start":{"line":50,"column":4},"end":{"line":50,"column":28}},"17":{"start":{"line":51,"column":4},"end":{"line":51,"column":25}},"18":{"start":{"line":55,"column":4},"end":{"line":57,"column":56}},"19":{"start":{"line":57,"column":31},"end":{"line":57,"column":53}},"20":{"start":{"line":61,"column":4},"end":{"line":63,"column":62}},"21":{"start":{"line":63,"column":33},"end":{"line":63,"column":59}},"22":{"start":{"line":67,"column":4},"end":{"line":73,"column":7}},"23":{"start":{"line":71,"column":54},"end":{"line":71,"column":63}},"24":{"start":{"line":72,"column":60},"end":{"line":72,"column":71}},"25":{"start":{"line":77,"column":4},"end":{"line":77,"column":70}},"26":{"start":{"line":81,"column":30},"end":{"line":82,"column":null}},"27":{"start":{"line":82,"column":18},"end":{"line":82,"column":27}},"28":{"start":{"line":84,"column":4},"end":{"line":84,"column":49}},"29":{"start":{"line":88,"column":4},"end":{"line":88,"column":67}},"30":{"start":{"line":92,"column":4},"end":{"line":98,"column":5}},"31":{"start":{"line":97,"column":6},"end":{"line":97,"column":16}},"32":{"start":{"line":99,"column":4},"end":{"line":103,"column":6}},"33":{"start":{"line":101,"column":8},"end":{"line":102,"column":48}},"34":{"start":{"line":107,"column":4},"end":{"line":113,"column":27}},"35":{"start":{"line":117,"column":4},"end":{"line":124,"column":27}},"36":{"start":{"line":128,"column":4},"end":{"line":130,"column":6}},"37":{"start":{"line":129,"column":6},"end":{"line":129,"column":39}},"38":{"start":{"line":134,"column":4},"end":{"line":136,"column":73}},"39":{"start":{"line":140,"column":4},"end":{"line":142,"column":6}},"40":{"start":{"line":140,"column":51},"end":{"line":140,"column":57}},"41":{"start":{"line":141,"column":15},"end":{"line":141,"column":31}},"42":{"start":{"line":146,"column":4},"end":{"line":146,"column":80}},"43":{"start":{"line":146,"column":49},"end":{"line":146,"column":78}},"44":{"start":{"line":150,"column":4},"end":{"line":150,"column":31}},"45":{"start":{"line":154,"column":4},"end":{"line":154,"column":32}},"46":{"start":{"line":26,"column":13},"end":{"line":26,"column":35}},"47":{"start":{"line":26,"column":13},"end":{"line":156,"column":null}}},"fnMap":{"0":{"name":"(anonymous_0)","decl":{"start":{"line":31,"column":2},"end":{"line":31,"column":6}},"loc":{"start":{"line":31,"column":15},"end":{"line":33,"column":3}}},"1":{"name":"(anonymous_1)","decl":{"start":{"line":35,"column":2},"end":{"line":35,"column":6}},"loc":{"start":{"line":35,"column":17},"end":{"line":37,"column":3}}},"2":{"name":"(anonymous_2)","decl":{"start":{"line":39,"column":2},"end":{"line":39,"column":null}},"loc":{"start":{"line":45,"column":44},"end":{"line":46,"column":6}}},"3":{"name":"(anonymous_3)","decl":{"start":{"line":48,"column":2},"end":{"line":48,"column":10}},"loc":{"start":{"line":48,"column":10},"end":{"line":52,"column":3}}},"4":{"name":"(anonymous_4)","decl":{"start":{"line":54,"column":2},"end":{"line":54,"column":16}},"loc":{"start":{"line":54,"column":16},"end":{"line":58,"column":3}}},"5":{"name":"(anonymous_5)","decl":{"start":{"line":57,"column":17},"end":{"line":57,"column":18}},"loc":{"start":{"line":57,"column":31},"end":{"line":57,"column":53}}},"6":{"name":"(anonymous_6)","decl":{"start":{"line":60,"column":2},"end":{"line":60,"column":18}},"loc":{"start":{"line":60,"column":18},"end":{"line":64,"column":3}}},"7":{"name":"(anonymous_7)","decl":{"start":{"line":63,"column":17},"end":{"line":63,"column":18}},"loc":{"start":{"line":63,"column":33},"end":{"line":63,"column":59}}},"8":{"name":"(anonymous_8)","decl":{"start":{"line":66,"column":2},"end":{"line":66,"column":15}},"loc":{"start":{"line":66,"column":15},"end":{"line":74,"column":3}}},"9":{"name":"(anonymous_9)","decl":{"start":{"line":71,"column":42},"end":{"line":71,"column":43}},"loc":{"start":{"line":71,"column":54},"end":{"line":71,"column":63}}},"10":{"name":"(anonymous_10)","decl":{"start":{"line":72,"column":46},"end":{"line":72,"column":47}},"loc":{"start":{"line":72,"column":60},"end":{"line":72,"column":71}}},"11":{"name":"(anonymous_11)","decl":{"start":{"line":76,"column":2},"end":{"line":76,"column":10}},"loc":{"start":{"line":76,"column":10},"end":{"line":78,"column":3}}},"12":{"name":"(anonymous_12)","decl":{"start":{"line":80,"column":2},"end":{"line":80,"column":18}},"loc":{"start":{"line":80,"column":36},"end":{"line":85,"column":3}}},"13":{"name":"(anonymous_13)","decl":{"start":{"line":82,"column":6},"end":{"line":82,"column":7}},"loc":{"start":{"line":82,"column":18},"end":{"line":82,"column":27}}},"14":{"name":"(anonymous_14)","decl":{"start":{"line":87,"column":2},"end":{"line":87,"column":26}},"loc":{"start":{"line":87,"column":44},"end":{"line":89,"column":3}}},"15":{"name":"(anonymous_15)","decl":{"start":{"line":91,"column":2},"end":{"line":91,"column":20}},"loc":{"start":{"line":91,"column":20},"end":{"line":104,"column":3}}},"16":{"name":"(anonymous_16)","decl":{"start":{"line":100,"column":6},"end":{"line":100,"column":7}},"loc":{"start":{"line":101,"column":8},"end":{"line":102,"column":48}}},"17":{"name":"(anonymous_17)","decl":{"start":{"line":106,"column":2},"end":{"line":106,"column":22}},"loc":{"start":{"line":106,"column":22},"end":{"line":114,"column":3}}},"18":{"name":"(anonymous_18)","decl":{"start":{"line":116,"column":2},"end":{"line":116,"column":22}},"loc":{"start":{"line":116,"column":22},"end":{"line":125,"column":3}}},"19":{"name":"(anonymous_19)","decl":{"start":{"line":127,"column":2},"end":{"line":127,"column":28}},"loc":{"start":{"line":127,"column":28},"end":{"line":131,"column":3}}},"20":{"name":"(anonymous_20)","decl":{"start":{"line":128,"column":44},"end":{"line":128,"column":45}},"loc":{"start":{"line":129,"column":6},"end":{"line":129,"column":39}}},"21":{"name":"(anonymous_21)","decl":{"start":{"line":133,"column":2},"end":{"line":133,"column":24}},"loc":{"start":{"line":133,"column":24},"end":{"line":137,"column":3}}},"22":{"name":"(anonymous_22)","decl":{"start":{"line":139,"column":2},"end":{"line":139,"column":21}},"loc":{"start":{"line":139,"column":35},"end":{"line":143,"column":3}}},"23":{"name":"(anonymous_23)","decl":{"start":{"line":140,"column":43},"end":{"line":140,"column":44}},"loc":{"start":{"line":140,"column":51},"end":{"line":140,"column":57}}},"24":{"name":"(anonymous_24)","decl":{"start":{"line":141,"column":6},"end":{"line":141,"column":7}},"loc":{"start":{"line":141,"column":15},"end":{"line":141,"column":31}}},"25":{"name":"(anonymous_25)","decl":{"start":{"line":145,"column":2},"end":{"line":145,"column":17}},"loc":{"start":{"line":145,"column":32},"end":{"line":147,"column":3}}},"26":{"name":"(anonymous_26)","decl":{"start":{"line":146,"column":25},"end":{"line":146,"column":26}},"loc":{"start":{"line":146,"column":49},"end":{"line":146,"column":78}}},"27":{"name":"(anonymous_27)","decl":{"start":{"line":149,"column":2},"end":{"line":149,"column":8}},"loc":{"start":{"line":149,"column":8},"end":{"line":151,"column":3}}},"28":{"name":"(anonymous_28)","decl":{"start":{"line":153,"column":2},"end":{"line":153,"column":9}},"loc":{"start":{"line":153,"column":9},"end":{"line":155,"column":3}}}},"branchMap":{"0":{"loc":{"start":{"line":68,"column":41},"end":{"line":68,"column":70}},"type":"binary-expr","locations":[{"start":{"line":68,"column":41},"end":{"line":68,"column":62}},{"start":{"line":68,"column":66},"end":{"line":68,"column":70}}]},"1":{"loc":{"start":{"line":69,"column":38},"end":{"line":69,"column":60}},"type":"binary-expr","locations":[{"start":{"line":69,"column":38},"end":{"line":69,"column":54}},{"start":{"line":69,"column":58},"end":{"line":69,"column":60}}]},"2":{"loc":{"start":{"line":70,"column":44},"end":{"line":70,"column":72}},"type":"binary-expr","locations":[{"start":{"line":70,"column":44},"end":{"line":70,"column":66}},{"start":{"line":70,"column":70},"end":{"line":70,"column":72}}]},"3":{"loc":{"start":{"line":71,"column":18},"end":{"line":71,"column":70}},"type":"binary-expr","locations":[{"start":{"line":71,"column":18},"end":{"line":71,"column":64}},{"start":{"line":71,"column":68},"end":{"line":71,"column":70}}]},"4":{"loc":{"start":{"line":72,"column":20},"end":{"line":72,"column":78}},"type":"binary-expr","locations":[{"start":{"line":72,"column":20},"end":{"line":72,"column":72}},{"start":{"line":72,"column":76},"end":{"line":72,"column":78}}]},"5":{"loc":{"start":{"line":77,"column":11},"end":{"line":77,"column":69}},"type":"cond-expr","locations":[{"start":{"line":77,"column":28},"end":{"line":77,"column":49}},{"start":{"line":77,"column":52},"end":{"line":77,"column":69}}]},"6":{"loc":{"start":{"line":92,"column":4},"end":{"line":98,"column":5}},"type":"if","locations":[{"start":{"line":92,"column":4},"end":{"line":98,"column":5}}]},"7":{"loc":{"start":{"line":93,"column":6},"end":{"line":95,"column":21}},"type":"binary-expr","locations":[{"start":{"line":93,"column":6},"end":{"line":93,"column":19}},{"start":{"line":94,"column":6},"end":{"line":94,"column":43}},{"start":{"line":95,"column":6},"end":{"line":95,"column":21}}]},"8":{"loc":{"start":{"line":101,"column":8},"end":{"line":102,"column":48}},"type":"binary-expr","locations":[{"start":{"line":101,"column":8},"end":{"line":101,"column":45}},{"start":{"line":102,"column":8},"end":{"line":102,"column":48}}]},"9":{"loc":{"start":{"line":134,"column":11},"end":{"line":136,"column":72}},"type":"cond-expr","locations":[{"start":{"line":135,"column":8},"end":{"line":135,"column":72}},{"start":{"line":136,"column":8},"end":{"line":136,"column":72}}]}},"s":{"0":3,"1":3,"2":3,"3":3,"4":3,"5":3,"6":3,"7":0,"8":0,"9":1,"10":1,"11":1,"12":1,"13":1,"14":1,"15":1,"16":1,"17":1,"18":1,"19":0,"20":1,"21":0,"22":1,"23":0,"24":0,"25":2,"26":0,"27":0,"28":0,"29":0,"30":0,"31":0,"32":0,"33":0,"34":0,"35":0,"36":0,"37":0,"38":0,"39":0,"40":0,"41":0,"42":0,"43":0,"44":0,"45":2,"46":3,"47":3},"f":{"0":0,"1":0,"2":1,"3":1,"4":1,"5":0,"6":1,"7":0,"8":1,"9":0,"10":0,"11":2,"12":0,"13":0,"14":0,"15":0,"16":0,"17":0,"18":0,"19":0,"20":0,"21":0,"22":0,"23":0,"24":0,"25":0,"26":0,"27":0,"28":2},"b":{"0":[1,1],"1":[1,1],"2":[1,1],"3":[1,1],"4":[1,1],"5":[2,0],"6":[0],"7":[0,0,0],"8":[0,0],"9":[0,0]}}
,"/Users/seraphinaeschbach/udemy/test/activity_blog/frontend/src/app/pages/location-list/location-list.component.html": {"path":"/Users/seraphinaeschbach/udemy/test/activity_blog/frontend/src/app/pages/location-list/location-list.component.html","statementMap":{"0":{"start":{"line":1,"column":0},"end":{"line":1,"column":420}}},"fnMap":{},"branchMap":{},"s":{"0":1},"f":{},"b":{},"_coverageSchema":"1a1c01bbd47fc00a2c39e90264f33305004495a9","hash":"80e1983792cac27c9e6054b01ac54e4d9e35e4d3"}
,"/Users/seraphinaeschbach/udemy/test/activity_blog/frontend/src/app/pages/location-list/location-list.component.ts": {"path":"/Users/seraphinaeschbach/udemy/test/activity_blog/frontend/src/app/pages/location-list/location-list.component.ts","statementMap":{"0":{"start":{"line":1,"column":0},"end":{"line":1,"column":58}},"1":{"start":{"line":2,"column":0},"end":{"line":2,"column":53}},"2":{"start":{"line":4,"column":0},"end":{"line":4,"column":87}},"3":{"start":{"line":5,"column":0},"end":{"line":5,"column":103}},"4":{"start":{"line":12,"column":7},"end":{"line":44,"column":null}},"5":{"start":{"line":13,"column":2},"end":{"line":13,"column":44}},"6":{"start":{"line":14,"column":2},"end":{"line":14,"column":29}},"7":{"start":{"line":18,"column":4},"end":{"line":22,"column":8}},"8":{"start":{"line":21,"column":31},"end":{"line":21,"column":71}},"9":{"start":{"line":26,"column":4},"end":{"line":36,"column":9}},"10":{"start":{"line":30,"column":8},"end":{"line":35,"column":9}},"11":{"start":{"line":31,"column":10},"end":{"line":34,"column":32}},"12":{"start":{"line":40,"column":4},"end":{"line":42,"column":6}},"13":{"start":{"line":41,"column":27},"end":{"line":41,"column":69}},"14":{"start":{"line":12,"column":13},"end":{"line":12,"column":34}},"15":{"start":{"line":12,"column":13},"end":{"line":44,"column":null}}},"fnMap":{"0":{"name":"(anonymous_0)","decl":{"start":{"line":12,"column":7},"end":{"line":12,"column":13}},"loc":{"start":{"line":12,"column":7},"end":{"line":44,"column":1}}},"1":{"name":"(anonymous_1)","decl":{"start":{"line":17,"column":2},"end":{"line":17,"column":10}},"loc":{"start":{"line":17,"column":10},"end":{"line":23,"column":3}}},"2":{"name":"(anonymous_2)","decl":{"start":{"line":21,"column":8},"end":{"line":21,"column":9}},"loc":{"start":{"line":21,"column":31},"end":{"line":21,"column":71}}},"3":{"name":"(anonymous_3)","decl":{"start":{"line":25,"column":2},"end":{"line":25,"column":25}},"loc":{"start":{"line":25,"column":25},"end":{"line":37,"column":3}}},"4":{"name":"(anonymous_4)","decl":{"start":{"line":29,"column":17},"end":{"line":29,"column":18}},"loc":{"start":{"line":29,"column":43},"end":{"line":36,"column":7}}},"5":{"name":"(anonymous_5)","decl":{"start":{"line":39,"column":2},"end":{"line":39,"column":18}},"loc":{"start":{"line":39,"column":37},"end":{"line":43,"column":3}}},"6":{"name":"(anonymous_6)","decl":{"start":{"line":41,"column":6},"end":{"line":41,"column":7}},"loc":{"start":{"line":41,"column":27},"end":{"line":41,"column":69}}}},"branchMap":{"0":{"loc":{"start":{"line":30,"column":8},"end":{"line":35,"column":9}},"type":"if","locations":[{"start":{"line":30,"column":8},"end":{"line":35,"column":9}}]}},"s":{"0":1,"1":1,"2":1,"3":1,"4":1,"5":1,"6":1,"7":1,"8":0,"9":0,"10":0,"11":0,"12":0,"13":0,"14":1,"15":1},"f":{"0":1,"1":1,"2":0,"3":0,"4":0,"5":0,"6":0},"b":{"0":[0]}}
,"/Users/seraphinaeschbach/udemy/test/activity_blog/frontend/src/app/pages/location-list/create-location-modal/create-location-modal.component.html": {"path":"/Users/seraphinaeschbach/udemy/test/activity_blog/frontend/src/app/pages/location-list/create-location-modal/create-location-modal.component.html","statementMap":{"0":{"start":{"line":1,"column":0},"end":{"line":1,"column":3339}}},"fnMap":{},"branchMap":{},"s":{"0":2},"f":{},"b":{},"_coverageSchema":"1a1c01bbd47fc00a2c39e90264f33305004495a9","hash":"5c0293e26c4e7620bb45f5d60dcf9348da2b4f3a"}
,"/Users/seraphinaeschbach/udemy/test/activity_blog/frontend/src/app/pages/location-list/create-location-modal/create-location-modal.component.ts": {"path":"/Users/seraphinaeschbach/udemy/test/activity_blog/frontend/src/app/pages/location-list/create-location-modal/create-location-modal.component.ts","statementMap":{"0":{"start":{"line":1,"column":0},"end":{"line":1,"column":42}},"1":{"start":{"line":2,"column":0},"end":{"line":2,"column":81}},"2":{"start":{"line":3,"column":0},"end":{"line":3,"column":56}},"3":{"start":{"line":4,"column":0},"end":{"line":4,"column":83}},"4":{"start":{"line":17,"column":4},"end":{"line":17,"column":61}},"5":{"start":{"line":21,"column":12},"end":{"line":21,"column":65}},"6":{"start":{"line":22,"column":12},"end":{"line":22,"column":43}},"7":{"start":{"line":23,"column":12},"end":{"line":23,"column":44}},"8":{"start":{"line":26,"column":4},"end":{"line":26,"column":28}},"9":{"start":{"line":27,"column":4},"end":{"line":27,"column":25}},"10":{"start":{"line":31,"column":4},"end":{"line":31,"column":94}},"11":{"start":{"line":31,"column":66},"end":{"line":31,"column":92}},"12":{"start":{"line":35,"column":4},"end":{"line":42,"column":7}},"13":{"start":{"line":46,"column":4},"end":{"line":53,"column":27}},"14":{"start":{"line":57,"column":4},"end":{"line":58,"column":65}},"15":{"start":{"line":58,"column":30},"end":{"line":58,"column":63}},"16":{"start":{"line":62,"column":4},"end":{"line":62,"column":31}},"17":{"start":{"line":66,"column":4},"end":{"line":68,"column":5}},"18":{"start":{"line":67,"column":6},"end":{"line":67,"column":19}},"19":{"start":{"line":69,"column":4},"end":{"line":69,"column":32}},"20":{"start":{"line":73,"column":4},"end":{"line":75,"column":5}},"21":{"start":{"line":74,"column":6},"end":{"line":74,"column":19}},"22":{"start":{"line":76,"column":26},"end":{"line":76,"column":71}},"23":{"start":{"line":76,"column":57},"end":{"line":76,"column":70}},"24":{"start":{"line":77,"column":4},"end":{"line":79,"column":5}},"25":{"start":{"line":78,"column":6},"end":{"line":78,"column":18}},"26":{"start":{"line":80,"column":4},"end":{"line":80,"column":17}},"27":{"start":{"line":84,"column":4},"end":{"line":86,"column":5}},"28":{"start":{"line":85,"column":6},"end":{"line":85,"column":19}},"29":{"start":{"line":87,"column":30},"end":{"line":87,"column":57}},"30":{"start":{"line":88,"column":4},"end":{"line":97,"column":5}},"31":{"start":{"line":89,"column":6},"end":{"line":96,"column":9}},"32":{"start":{"line":95,"column":10},"end":{"line":95,"column":22}},"33":{"start":{"line":98,"column":4},"end":{"line":98,"column":17}},"34":{"start":{"line":12,"column":13},"end":{"line":12,"column":41}},"35":{"start":{"line":12,"column":13},"end":{"line":100,"column":null}}},"fnMap":{"0":{"name":"(anonymous_0)","decl":{"start":{"line":16,"column":2},"end":{"line":16,"column":6}},"loc":{"start":{"line":16,"column":15},"end":{"line":18,"column":3}}},"1":{"name":"(anonymous_1)","decl":{"start":{"line":20,"column":2},"end":{"line":20,"column":null}},"loc":{"start":{"line":23,"column":44},"end":{"line":23,"column":48}}},"2":{"name":"(anonymous_2)","decl":{"start":{"line":25,"column":2},"end":{"line":25,"column":10}},"loc":{"start":{"line":25,"column":10},"end":{"line":28,"column":3}}},"3":{"name":"(anonymous_3)","decl":{"start":{"line":30,"column":2},"end":{"line":30,"column":18}},"loc":{"start":{"line":30,"column":18},"end":{"line":32,"column":3}}},"4":{"name":"(anonymous_4)","decl":{"start":{"line":31,"column":53},"end":{"line":31,"column":62}},"loc":{"start":{"line":31,"column":66},"end":{"line":31,"column":92}}},"5":{"name":"(anonymous_5)","decl":{"start":{"line":34,"column":2},"end":{"line":34,"column":15}},"loc":{"start":{"line":34,"column":15},"end":{"line":43,"column":3}}},"6":{"name":"(anonymous_6)","decl":{"start":{"line":45,"column":2},"end":{"line":45,"column":22}},"loc":{"start":{"line":45,"column":22},"end":{"line":54,"column":3}}},"7":{"name":"(anonymous_7)","decl":{"start":{"line":56,"column":2},"end":{"line":56,"column":28}},"loc":{"start":{"line":56,"column":28},"end":{"line":59,"column":3}}},"8":{"name":"(anonymous_8)","decl":{"start":{"line":58,"column":15},"end":{"line":58,"column":26}},"loc":{"start":{"line":58,"column":30},"end":{"line":58,"column":63}}},"9":{"name":"(anonymous_9)","decl":{"start":{"line":61,"column":2},"end":{"line":61,"column":8}},"loc":{"start":{"line":61,"column":8},"end":{"line":63,"column":3}}},"10":{"name":"(anonymous_10)","decl":{"start":{"line":65,"column":2},"end":{"line":65,"column":9}},"loc":{"start":{"line":65,"column":9},"end":{"line":70,"column":3}}},"11":{"name":"(anonymous_11)","decl":{"start":{"line":72,"column":2},"end":{"line":72,"column":30}},"loc":{"start":{"line":72,"column":30},"end":{"line":81,"column":3}}},"12":{"name":"(anonymous_12)","decl":{"start":{"line":76,"column":45},"end":{"line":76,"column":53}},"loc":{"start":{"line":76,"column":57},"end":{"line":76,"column":70}}},"13":{"name":"(anonymous_13)","decl":{"start":{"line":83,"column":2},"end":{"line":83,"column":26}},"loc":{"start":{"line":83,"column":26},"end":{"line":99,"column":3}}}},"branchMap":{"0":{"loc":{"start":{"line":66,"column":4},"end":{"line":68,"column":5}},"type":"if","locations":[{"start":{"line":66,"column":4},"end":{"line":68,"column":5}}]},"1":{"loc":{"start":{"line":66,"column":7},"end":{"line":66,"column":77}},"type":"binary-expr","locations":[{"start":{"line":66,"column":7},"end":{"line":66,"column":42}},{"start":{"line":66,"column":46},"end":{"line":66,"column":77}}]},"2":{"loc":{"start":{"line":73,"column":4},"end":{"line":75,"column":5}},"type":"if","locations":[{"start":{"line":73,"column":4},"end":{"line":75,"column":5}}]},"3":{"loc":{"start":{"line":77,"column":4},"end":{"line":79,"column":5}},"type":"if","locations":[{"start":{"line":77,"column":4},"end":{"line":79,"column":5}}]},"4":{"loc":{"start":{"line":84,"column":4},"end":{"line":86,"column":5}},"type":"if","locations":[{"start":{"line":84,"column":4},"end":{"line":86,"column":5}}]},"5":{"loc":{"start":{"line":89,"column":6},"end":{"line":96,"column":9}},"type":"if","locations":[{"start":{"line":89,"column":6},"end":{"line":96,"column":9}}]},"6":{"loc":{"start":{"line":89,"column":9},"end":{"line":93,"column":67}},"type":"binary-expr","locations":[{"start":{"line":89,"column":9},"end":{"line":89,"column":49}},{"start":{"line":90,"column":11},"end":{"line":90,"column":57}},{"start":{"line":91,"column":11},"end":{"line":91,"column":63}},{"start":{"line":92,"column":11},"end":{"line":92,"column":55}},{"start":{"line":93,"column":11},"end":{"line":93,"column":67}}]}},"s":{"0":2,"1":2,"2":2,"3":2,"4":0,"5":6,"6":6,"7":6,"8":7,"9":7,"10":7,"11":1,"12":7,"13":24,"14":2,"15":1,"16":0,"17":12,"18":0,"19":12,"20":24,"21":24,"22":0,"23":0,"24":0,"25":0,"26":0,"27":24,"28":0,"29":24,"30":24,"31":0,"32":0,"33":24,"34":2,"35":2},"f":{"0":0,"1":6,"2":7,"3":7,"4":1,"5":7,"6":24,"7":2,"8":1,"9":0,"10":12,"11":24,"12":0,"13":24},"b":{"0":[0],"1":[12,12],"2":[24],"3":[0],"4":[0],"5":[0],"6":[0,0,0,0,0]}}
,"/Users/seraphinaeschbach/udemy/test/activity_blog/frontend/src/app/pages/location-list/location-card/location-card.component.html": {"path":"/Users/seraphinaeschbach/udemy/test/activity_blog/frontend/src/app/pages/location-list/location-card/location-card.component.html","statementMap":{"0":{"start":{"line":1,"column":0},"end":{"line":1,"column":832}}},"fnMap":{},"branchMap":{},"s":{"0":1},"f":{},"b":{},"_coverageSchema":"1a1c01bbd47fc00a2c39e90264f33305004495a9","hash":"0296bfe1525fe80182ce4ba3f9617387225b0f28"}
,"/Users/seraphinaeschbach/udemy/test/activity_blog/frontend/src/app/pages/location-list/location-card/location-card.component.ts": {"path":"/Users/seraphinaeschbach/udemy/test/activity_blog/frontend/src/app/pages/location-list/location-card/location-card.component.ts","statementMap":{"0":{"start":{"line":1,"column":0},"end":{"line":1,"column":79}},"1":{"start":{"line":3,"column":0},"end":{"line":3,"column":83}},"2":{"start":{"line":15,"column":2},"end":{"line":15,"column":null}},"3":{"start":{"line":17,"column":2},"end":{"line":17,"column":44}},"4":{"start":{"line":20,"column":4},"end":{"line":24,"column":8}},"5":{"start":{"line":23,"column":8},"end":{"line":23,"column":71}},"6":{"start":{"line":28,"column":4},"end":{"line":28,"column":48}},"7":{"start":{"line":10,"column":13},"end":{"line":10,"column":34}},"8":{"start":{"line":10,"column":13},"end":{"line":30,"column":null}}},"fnMap":{"0":{"name":"(anonymous_0)","decl":{"start":{"line":10,"column":7},"end":{"line":10,"column":13}},"loc":{"start":{"line":10,"column":7},"end":{"line":30,"column":1}}},"1":{"name":"(anonymous_1)","decl":{"start":{"line":19,"column":2},"end":{"line":19,"column":16}},"loc":{"start":{"line":19,"column":16},"end":{"line":25,"column":3}}},"2":{"name":"(anonymous_2)","decl":{"start":{"line":22,"column":17},"end":{"line":22,"column":20}},"loc":{"start":{"line":23,"column":8},"end":{"line":23,"column":71}}},"3":{"name":"(anonymous_3)","decl":{"start":{"line":27,"column":2},"end":{"line":27,"column":22}},"loc":{"start":{"line":27,"column":22},"end":{"line":29,"column":3}}}},"branchMap":{},"s":{"0":1,"1":1,"2":1,"3":1,"4":0,"5":0,"6":0,"7":1,"8":1},"f":{"0":1,"1":0,"2":0,"3":0},"b":{}}
,"/Users/seraphinaeschbach/udemy/test/activity_blog/frontend/src/app/pages/person-list/person-list.component.html": {"path":"/Users/seraphinaeschbach/udemy/test/activity_blog/frontend/src/app/pages/person-list/person-list.component.html","statementMap":{"0":{"start":{"line":1,"column":0},"end":{"line":1,"column":398}}},"fnMap":{},"branchMap":{},"s":{"0":1},"f":{},"b":{},"_coverageSchema":"1a1c01bbd47fc00a2c39e90264f33305004495a9","hash":"66b7af97820cf4e3d3dbdb637ae7a97087134450"}
,"/Users/seraphinaeschbach/udemy/test/activity_blog/frontend/src/app/pages/person-list/person-list.component.ts": {"path":"/Users/seraphinaeschbach/udemy/test/activity_blog/frontend/src/app/pages/person-list/person-list.component.ts","statementMap":{"0":{"start":{"line":1,"column":0},"end":{"line":1,"column":50}},"1":{"start":{"line":3,"column":0},"end":{"line":3,"column":74}},"2":{"start":{"line":4,"column":0},"end":{"line":4,"column":53}},"3":{"start":{"line":5,"column":0},"end":{"line":5,"column":97}},"4":{"start":{"line":16,"column":12},"end":{"line":16,"column":40}},"5":{"start":{"line":17,"column":12},"end":{"line":17,"column":29}},"6":{"start":{"line":21,"column":4},"end":{"line":23,"column":77}},"7":{"start":{"line":23,"column":38},"end":{"line":23,"column":74}},"8":{"start":{"line":27,"column":4},"end":{"line":37,"column":9}},"9":{"start":{"line":31,"column":8},"end":{"line":36,"column":9}},"10":{"start":{"line":32,"column":10},"end":{"line":35,"column":30}},"11":{"start":{"line":41,"column":4},"end":{"line":43,"column":6}},"12":{"start":{"line":42,"column":25},"end":{"line":42,"column":61}},"13":{"start":{"line":12,"column":13},"end":{"line":12,"column":32}},"14":{"start":{"line":12,"column":13},"end":{"line":45,"column":null}}},"fnMap":{"0":{"name":"(anonymous_0)","decl":{"start":{"line":15,"column":2},"end":{"line":15,"column":null}},"loc":{"start":{"line":17,"column":29},"end":{"line":18,"column":6}}},"1":{"name":"(anonymous_1)","decl":{"start":{"line":20,"column":2},"end":{"line":20,"column":10}},"loc":{"start":{"line":20,"column":10},"end":{"line":24,"column":3}}},"2":{"name":"(anonymous_2)","decl":{"start":{"line":23,"column":17},"end":{"line":23,"column":18}},"loc":{"start":{"line":23,"column":38},"end":{"line":23,"column":74}}},"3":{"name":"(anonymous_3)","decl":{"start":{"line":26,"column":2},"end":{"line":26,"column":23}},"loc":{"start":{"line":26,"column":23},"end":{"line":38,"column":3}}},"4":{"name":"(anonymous_4)","decl":{"start":{"line":30,"column":17},"end":{"line":30,"column":18}},"loc":{"start":{"line":30,"column":39},"end":{"line":37,"column":7}}},"5":{"name":"(anonymous_5)","decl":{"start":{"line":40,"column":2},"end":{"line":40,"column":16}},"loc":{"start":{"line":40,"column":33},"end":{"line":44,"column":3}}},"6":{"name":"(anonymous_6)","decl":{"start":{"line":42,"column":6},"end":{"line":42,"column":7}},"loc":{"start":{"line":42,"column":25},"end":{"line":42,"column":61}}}},"branchMap":{"0":{"loc":{"start":{"line":31,"column":8},"end":{"line":36,"column":9}},"type":"if","locations":[{"start":{"line":31,"column":8},"end":{"line":36,"column":9}}]}},"s":{"0":1,"1":1,"2":1,"3":1,"4":1,"5":1,"6":1,"7":0,"8":0,"9":0,"10":0,"11":0,"12":0,"13":1,"14":1},"f":{"0":1,"1":1,"2":0,"3":0,"4":0,"5":0,"6":0},"b":{"0":[0]}}
,"/Users/seraphinaeschbach/udemy/test/activity_blog/frontend/src/app/pages/person-list/create-person-modal/create-person-modal.component.html": {"path":"/Users/seraphinaeschbach/udemy/test/activity_blog/frontend/src/app/pages/person-list/create-person-modal/create-person-modal.component.html","statementMap":{"0":{"start":{"line":1,"column":0},"end":{"line":1,"column":1987}}},"fnMap":{},"branchMap":{},"s":{"0":2},"f":{},"b":{},"_coverageSchema":"1a1c01bbd47fc00a2c39e90264f33305004495a9","hash":"3cafdd358c5e6110d9e1af46531e80ac94fa6f74"}
,"/Users/seraphinaeschbach/udemy/test/activity_blog/frontend/src/app/pages/person-list/create-person-modal/create-person-modal.component.ts": {"path":"/Users/seraphinaeschbach/udemy/test/activity_blog/frontend/src/app/pages/person-list/create-person-modal/create-person-modal.component.ts","statementMap":{"0":{"start":{"line":1,"column":0},"end":{"line":1,"column":43}},"1":{"start":{"line":2,"column":0},"end":{"line":2,"column":42}},"2":{"start":{"line":3,"column":0},"end":{"line":3,"column":null}},"3":{"start":{"line":8,"column":0},"end":{"line":8,"column":56}},"4":{"start":{"line":10,"column":0},"end":{"line":10,"column":77}},"5":{"start":{"line":24,"column":4},"end":{"line":24,"column":61}},"6":{"start":{"line":28,"column":12},"end":{"line":28,"column":63}},"7":{"start":{"line":29,"column":12},"end":{"line":29,"column":43}},"8":{"start":{"line":30,"column":12},"end":{"line":30,"column":40}},"9":{"start":{"line":21,"column":2},"end":{"line":21,"column":35}},"10":{"start":{"line":34,"column":4},"end":{"line":34,"column":26}},"11":{"start":{"line":35,"column":4},"end":{"line":35,"column":25}},"12":{"start":{"line":39,"column":4},"end":{"line":41,"column":56}},"13":{"start":{"line":41,"column":31},"end":{"line":41,"column":53}},"14":{"start":{"line":45,"column":4},"end":{"line":49,"column":7}},"15":{"start":{"line":53,"column":4},"end":{"line":57,"column":25}},"16":{"start":{"line":61,"column":4},"end":{"line":63,"column":65}},"17":{"start":{"line":63,"column":32},"end":{"line":63,"column":63}},"18":{"start":{"line":67,"column":4},"end":{"line":67,"column":31}},"19":{"start":{"line":71,"column":4},"end":{"line":73,"column":5}},"20":{"start":{"line":72,"column":6},"end":{"line":72,"column":19}},"21":{"start":{"line":74,"column":4},"end":{"line":74,"column":32}},"22":{"start":{"line":78,"column":4},"end":{"line":84,"column":5}},"23":{"start":{"line":83,"column":6},"end":{"line":83,"column":19}},"24":{"start":{"line":85,"column":22},"end":{"line":89,"column":19}},"25":{"start":{"line":90,"column":4},"end":{"line":94,"column":5}},"26":{"start":{"line":91,"column":6},"end":{"line":93,"column":7}},"27":{"start":{"line":92,"column":8},"end":{"line":92,"column":20}},"28":{"start":{"line":95,"column":4},"end":{"line":95,"column":17}},"29":{"start":{"line":99,"column":4},"end":{"line":103,"column":6}},"30":{"start":{"line":107,"column":25},"end":{"line":108,"column":null}},"31":{"start":{"line":110,"column":25},"end":{"line":111,"column":null}},"32":{"start":{"line":113,"column":4},"end":{"line":113,"column":41}},"33":{"start":{"line":17,"column":13},"end":{"line":17,"column":39}},"34":{"start":{"line":17,"column":13},"end":{"line":115,"column":null}}},"fnMap":{"0":{"name":"(anonymous_0)","decl":{"start":{"line":23,"column":2},"end":{"line":23,"column":6}},"loc":{"start":{"line":23,"column":15},"end":{"line":25,"column":3}}},"1":{"name":"(anonymous_1)","decl":{"start":{"line":27,"column":2},"end":{"line":27,"column":null}},"loc":{"start":{"line":30,"column":40},"end":{"line":31,"column":6}}},"2":{"name":"(anonymous_2)","decl":{"start":{"line":33,"column":2},"end":{"line":33,"column":10}},"loc":{"start":{"line":33,"column":10},"end":{"line":36,"column":3}}},"3":{"name":"(anonymous_3)","decl":{"start":{"line":38,"column":2},"end":{"line":38,"column":16}},"loc":{"start":{"line":38,"column":16},"end":{"line":42,"column":3}}},"4":{"name":"(anonymous_4)","decl":{"start":{"line":41,"column":17},"end":{"line":41,"column":18}},"loc":{"start":{"line":41,"column":31},"end":{"line":41,"column":53}}},"5":{"name":"(anonymous_5)","decl":{"start":{"line":44,"column":2},"end":{"line":44,"column":15}},"loc":{"start":{"line":44,"column":15},"end":{"line":50,"column":3}}},"6":{"name":"(anonymous_6)","decl":{"start":{"line":52,"column":2},"end":{"line":52,"column":20}},"loc":{"start":{"line":52,"column":20},"end":{"line":58,"column":3}}},"7":{"name":"(anonymous_7)","decl":{"start":{"line":60,"column":2},"end":{"line":60,"column":26}},"loc":{"start":{"line":60,"column":26},"end":{"line":64,"column":3}}},"8":{"name":"(anonymous_8)","decl":{"start":{"line":63,"column":17},"end":{"line":63,"column":18}},"loc":{"start":{"line":63,"column":32},"end":{"line":63,"column":63}}},"9":{"name":"(anonymous_9)","decl":{"start":{"line":66,"column":2},"end":{"line":66,"column":8}},"loc":{"start":{"line":66,"column":8},"end":{"line":68,"column":3}}},"10":{"name":"(anonymous_10)","decl":{"start":{"line":70,"column":2},"end":{"line":70,"column":9}},"loc":{"start":{"line":70,"column":9},"end":{"line":75,"column":3}}},"11":{"name":"(anonymous_11)","decl":{"start":{"line":77,"column":2},"end":{"line":77,"column":24}},"loc":{"start":{"line":77,"column":24},"end":{"line":96,"column":3}}},"12":{"name":"(anonymous_12)","decl":{"start":{"line":98,"column":2},"end":{"line":98,"column":16}},"loc":{"start":{"line":98,"column":55},"end":{"line":104,"column":3}}},"13":{"name":"(anonymous_13)","decl":{"start":{"line":106,"column":2},"end":{"line":106,"column":11}},"loc":{"start":{"line":106,"column":36},"end":{"line":114,"column":3}}}},"branchMap":{"0":{"loc":{"start":{"line":71,"column":4},"end":{"line":73,"column":5}},"type":"if","locations":[{"start":{"line":71,"column":4},"end":{"line":73,"column":5}}]},"1":{"loc":{"start":{"line":78,"column":4},"end":{"line":84,"column":5}},"type":"if","locations":[{"start":{"line":78,"column":4},"end":{"line":84,"column":5}}]},"2":{"loc":{"start":{"line":79,"column":6},"end":{"line":81,"column":48}},"type":"binary-expr","locations":[{"start":{"line":79,"column":6},"end":{"line":79,"column":49}},{"start":{"line":80,"column":6},"end":{"line":80,"column":48}},{"start":{"line":81,"column":6},"end":{"line":81,"column":48}}]},"3":{"loc":{"start":{"line":91,"column":6},"end":{"line":93,"column":7}},"type":"if","locations":[{"start":{"line":91,"column":6},"end":{"line":93,"column":7}}]},"4":{"loc":{"start":{"line":100,"column":6},"end":{"line":102,"column":56}},"type":"binary-expr","locations":[{"start":{"line":100,"column":6},"end":{"line":100,"column":45}},{"start":{"line":101,"column":6},"end":{"line":101,"column":43}},{"start":{"line":102,"column":6},"end":{"line":102,"column":56}}]}},"s":{"0":2,"1":2,"2":2,"3":2,"4":2,"5":0,"6":1,"7":1,"8":1,"9":1,"10":1,"11":1,"12":1,"13":0,"14":1,"15":0,"16":0,"17":0,"18":0,"19":2,"20":0,"21":2,"22":4,"23":4,"24":0,"25":0,"26":0,"27":0,"28":0,"29":0,"30":0,"31":0,"32":0,"33":2,"34":2},"f":{"0":0,"1":1,"2":1,"3":1,"4":0,"5":1,"6":0,"7":0,"8":0,"9":0,"10":2,"11":4,"12":0,"13":0},"b":{"0":[0],"1":[4],"2":[4,0,0],"3":[0],"4":[0,0,0]}}
,"/Users/seraphinaeschbach/udemy/test/activity_blog/frontend/src/app/pages/person-list/person-card/person-card.component.html": {"path":"/Users/seraphinaeschbach/udemy/test/activity_blog/frontend/src/app/pages/person-list/person-card/person-card.component.html","statementMap":{"0":{"start":{"line":1,"column":0},"end":{"line":1,"column":669}}},"fnMap":{},"branchMap":{},"s":{"0":1},"f":{},"b":{},"_coverageSchema":"1a1c01bbd47fc00a2c39e90264f33305004495a9","hash":"1c06e9c16f2c04f92edb0e89f33289c075c59dcd"}
,"/Users/seraphinaeschbach/udemy/test/activity_blog/frontend/src/app/pages/person-list/person-card/person-card.component.ts": {"path":"/Users/seraphinaeschbach/udemy/test/activity_blog/frontend/src/app/pages/person-list/person-card/person-card.component.ts","statementMap":{"0":{"start":{"line":1,"column":0},"end":{"line":1,"column":43}},"1":{"start":{"line":2,"column":0},"end":{"line":2,"column":79}},"2":{"start":{"line":4,"column":0},"end":{"line":4,"column":77}},"3":{"start":{"line":16,"column":2},"end":{"line":16,"column":null}},"4":{"start":{"line":18,"column":2},"end":{"line":18,"column":35}},"5":{"start":{"line":20,"column":2},"end":{"line":20,"column":40}},"6":{"start":{"line":23,"column":4},"end":{"line":27,"column":8}},"7":{"start":{"line":26,"column":8},"end":{"line":26,"column":65}},"8":{"start":{"line":31,"column":4},"end":{"line":31,"column":46}},"9":{"start":{"line":35,"column":4},"end":{"line":35,"column":57}},"10":{"start":{"line":39,"column":4},"end":{"line":43,"column":6}},"11":{"start":{"line":11,"column":13},"end":{"line":11,"column":32}},"12":{"start":{"line":11,"column":13},"end":{"line":45,"column":null}}},"fnMap":{"0":{"name":"(anonymous_0)","decl":{"start":{"line":11,"column":7},"end":{"line":11,"column":13}},"loc":{"start":{"line":11,"column":7},"end":{"line":45,"column":1}}},"1":{"name":"(anonymous_1)","decl":{"start":{"line":22,"column":2},"end":{"line":22,"column":14}},"loc":{"start":{"line":22,"column":14},"end":{"line":28,"column":3}}},"2":{"name":"(anonymous_2)","decl":{"start":{"line":25,"column":17},"end":{"line":25,"column":20}},"loc":{"start":{"line":26,"column":8},"end":{"line":26,"column":65}}},"3":{"name":"(anonymous_3)","decl":{"start":{"line":30,"column":2},"end":{"line":30,"column":20}},"loc":{"start":{"line":30,"column":20},"end":{"line":32,"column":3}}},"4":{"name":"(anonymous_4)","decl":{"start":{"line":34,"column":2},"end":{"line":34,"column":15}},"loc":{"start":{"line":34,"column":26},"end":{"line":36,"column":3}}},"5":{"name":"(anonymous_5)","decl":{"start":{"line":38,"column":10},"end":{"line":38,"column":27}},"loc":{"start":{"line":38,"column":38},"end":{"line":44,"column":3}}}},"branchMap":{"0":{"loc":{"start":{"line":40,"column":6},"end":{"line":42,"column":26}},"type":"binary-expr","locations":[{"start":{"line":40,"column":6},"end":{"line":42,"column":20}},{"start":{"line":42,"column":24},"end":{"line":42,"column":26}}]}},"s":{"0":1,"1":1,"2":1,"3":1,"4":1,"5":1,"6":0,"7":0,"8":0,"9":0,"10":0,"11":1,"12":1},"f":{"0":1,"1":0,"2":0,"3":0,"4":0,"5":0},"b":{"0":[0,0]}}
,"/Users/seraphinaeschbach/udemy/test/activity_blog/frontend/src/app/shared/confirmation-modal/confirmation-modal.component.html": {"path":"/Users/seraphinaeschbach/udemy/test/activity_blog/frontend/src/app/shared/confirmation-modal/confirmation-modal.component.html","statementMap":{"0":{"start":{"line":1,"column":0},"end":{"line":1,"column":337}}},"fnMap":{},"branchMap":{},"s":{"0":11},"f":{},"b":{},"_coverageSchema":"1a1c01bbd47fc00a2c39e90264f33305004495a9","hash":"4a46219789355d1e3e10e0b306fb47b4e1763b42"}
,"/Users/seraphinaeschbach/udemy/test/activity_blog/frontend/src/app/shared/confirmation-modal/confirmation-modal.component.ts": {"path":"/Users/seraphinaeschbach/udemy/test/activity_blog/frontend/src/app/shared/confirmation-modal/confirmation-modal.component.ts","statementMap":{"0":{"start":{"line":1,"column":0},"end":{"line":1,"column":50}},"1":{"start":{"line":2,"column":0},"end":{"line":2,"column":73}},"2":{"start":{"line":11,"column":36},"end":{"line":11,"column":66}},"3":{"start":{"line":12,"column":12},"end":{"line":12,"column":63}},"4":{"start":{"line":16,"column":4},"end":{"line":16,"column":31}},"5":{"start":{"line":20,"column":4},"end":{"line":20,"column":32}},"6":{"start":{"line":9,"column":13},"end":{"line":9,"column":39}},"7":{"start":{"line":9,"column":13},"end":{"line":22,"column":null}}},"fnMap":{"0":{"name":"(anonymous_0)","decl":{"start":{"line":10,"column":2},"end":{"line":10,"column":null}},"loc":{"start":{"line":12,"column":63},"end":{"line":13,"column":6}}},"1":{"name":"(anonymous_1)","decl":{"start":{"line":15,"column":2},"end":{"line":15,"column":9}},"loc":{"start":{"line":15,"column":9},"end":{"line":17,"column":3}}},"2":{"name":"(anonymous_2)","decl":{"start":{"line":19,"column":2},"end":{"line":19,"column":8}},"loc":{"start":{"line":19,"column":8},"end":{"line":21,"column":3}}}},"branchMap":{},"s":{"0":11,"1":11,"2":1,"3":1,"4":0,"5":0,"6":11,"7":11},"f":{"0":1,"1":0,"2":0},"b":{}}
,"/Users/seraphinaeschbach/udemy/test/activity_blog/frontend/src/app/shared/header/header.component.html": {"path":"/Users/seraphinaeschbach/udemy/test/activity_blog/frontend/src/app/shared/header/header.component.html","statementMap":{"0":{"start":{"line":1,"column":0},"end":{"line":1,"column":458}}},"fnMap":{},"branchMap":{},"s":{"0":1},"f":{},"b":{},"_coverageSchema":"1a1c01bbd47fc00a2c39e90264f33305004495a9","hash":"061796f1789c5e1ef9d307f8597e1d27f6c4ed16"}
,"/Users/seraphinaeschbach/udemy/test/activity_blog/frontend/src/app/shared/header/header.component.ts": {"path":"/Users/seraphinaeschbach/udemy/test/activity_blog/frontend/src/app/shared/header/header.component.ts","statementMap":{"0":{"start":{"line":1,"column":0},"end":{"line":1,"column":42}},"1":{"start":{"line":8,"column":7},"end":{"line":10,"column":null}},"2":{"start":{"line":8,"column":13},"end":{"line":8,"column":28}},"3":{"start":{"line":8,"column":13},"end":{"line":10,"column":null}}},"fnMap":{},"branchMap":{},"s":{"0":1,"1":1,"2":1,"3":1},"f":{},"b":{}}
,"/Users/seraphinaeschbach/udemy/test/activity_blog/frontend/src/app/shared/opacity-scroll/opacity-scroll.component.html": {"path":"/Users/seraphinaeschbach/udemy/test/activity_blog/frontend/src/app/shared/opacity-scroll/opacity-scroll.component.html","statementMap":{"0":{"start":{"line":1,"column":0},"end":{"line":1,"column":419}}},"fnMap":{},"branchMap":{},"s":{"0":1},"f":{},"b":{},"_coverageSchema":"1a1c01bbd47fc00a2c39e90264f33305004495a9","hash":"1b25085775f194713a137e4495599a479fc87fa8"}
,"/Users/seraphinaeschbach/udemy/test/activity_blog/frontend/src/app/shared/opacity-scroll/opacity-scroll.component.ts": {"path":"/Users/seraphinaeschbach/udemy/test/activity_blog/frontend/src/app/shared/opacity-scroll/opacity-scroll.component.ts","statementMap":{"0":{"start":{"line":1,"column":0},"end":{"line":1,"column":49}},"1":{"start":{"line":2,"column":0},"end":{"line":2,"column":62}},"2":{"start":{"line":11,"column":2},"end":{"line":11,"column":null}},"3":{"start":{"line":13,"column":2},"end":{"line":13,"column":null}},"4":{"start":{"line":15,"column":2},"end":{"line":15,"column":null}},"5":{"start":{"line":17,"column":2},"end":{"line":17,"column":null}},"6":{"start":{"line":19,"column":2},"end":{"line":19,"column":null}},"7":{"start":{"line":21,"column":2},"end":{"line":21,"column":39}},"8":{"start":{"line":24,"column":4},"end":{"line":24,"column":46}},"9":{"start":{"line":25,"column":27},"end":{"line":25,"column":67}},"10":{"start":{"line":26,"column":30},"end":{"line":26,"column":51}},"11":{"start":{"line":27,"column":4},"end":{"line":46,"column":7}},"12":{"start":{"line":28,"column":32},"end":{"line":28,"column":47}},"13":{"start":{"line":30,"column":8},"end":{"line":30,"column":60}},"14":{"start":{"line":31,"column":6},"end":{"line":33,"column":7}},"15":{"start":{"line":32,"column":8},"end":{"line":32,"column":51}},"16":{"start":{"line":34,"column":22},"end":{"line":35,"column":null}},"17":{"start":{"line":37,"column":6},"end":{"line":40,"column":7}},"18":{"start":{"line":38,"column":8},"end":{"line":38,"column":52}},"19":{"start":{"line":39,"column":8},"end":{"line":39,"column":15}},"20":{"start":{"line":41,"column":6},"end":{"line":44,"column":7}},"21":{"start":{"line":42,"column":8},"end":{"line":42,"column":58}},"22":{"start":{"line":43,"column":8},"end":{"line":43,"column":15}},"23":{"start":{"line":45,"column":6},"end":{"line":45,"column":57}},"24":{"start":{"line":50,"column":4},"end":{"line":55,"column":6}},"25":{"start":{"line":59,"column":4},"end":{"line":59,"column":58}},"26":{"start":{"line":9,"column":13},"end":{"line":9,"column":35}},"27":{"start":{"line":9,"column":13},"end":{"line":61,"column":null}}},"fnMap":{"0":{"name":"(anonymous_0)","decl":{"start":{"line":9,"column":7},"end":{"line":9,"column":13}},"loc":{"start":{"line":9,"column":7},"end":{"line":61,"column":1}}},"1":{"name":"(anonymous_1)","decl":{"start":{"line":23,"column":2},"end":{"line":23,"column":8}},"loc":{"start":{"line":23,"column":15},"end":{"line":47,"column":3}}},"2":{"name":"(anonymous_2)","decl":{"start":{"line":27,"column":27},"end":{"line":27,"column":28}},"loc":{"start":{"line":27,"column":37},"end":{"line":46,"column":5}}},"3":{"name":"(anonymous_3)","decl":{"start":{"line":49,"column":2},"end":{"line":49,"column":16}},"loc":{"start":{"line":49,"column":16},"end":{"line":56,"column":3}}},"4":{"name":"(anonymous_4)","decl":{"start":{"line":58,"column":2},"end":{"line":58,"column":25}},"loc":{"start":{"line":58,"column":25},"end":{"line":60,"column":3}}}},"branchMap":{"0":{"loc":{"start":{"line":31,"column":6},"end":{"line":33,"column":7}},"type":"if","locations":[{"start":{"line":31,"column":6},"end":{"line":33,"column":7}}]},"1":{"loc":{"start":{"line":37,"column":6},"end":{"line":40,"column":7}},"type":"if","locations":[{"start":{"line":37,"column":6},"end":{"line":40,"column":7}}]},"2":{"loc":{"start":{"line":37,"column":10},"end":{"line":37,"column":70}},"type":"binary-expr","locations":[{"start":{"line":37,"column":10},"end":{"line":37,"column":53}},{"start":{"line":37,"column":57},"end":{"line":37,"column":70}}]},"3":{"loc":{"start":{"line":41,"column":6},"end":{"line":44,"column":7}},"type":"if","locations":[{"start":{"line":41,"column":6},"end":{"line":44,"column":7}}]}},"s":{"0":1,"1":1,"2":5,"3":5,"4":5,"5":5,"6":5,"7":5,"8":3,"9":3,"10":3,"11":3,"12":8,"13":8,"14":8,"15":5,"16":8,"17":8,"18":2,"19":2,"20":6,"21":2,"22":2,"23":4,"24":10,"25":11,"26":1,"27":1},"f":{"0":5,"1":3,"2":8,"3":10,"4":11},"b":{"0":[5],"1":[2],"2":[8,2],"3":[2]}}
,"/Users/seraphinaeschbach/udemy/test/activity_blog/frontend/src/app/utils/update-object.utils.ts": {"path":"/Users/seraphinaeschbach/udemy/test/activity_blog/frontend/src/app/utils/update-object.utils.ts","statementMap":{"0":{"start":{"line":1,"column":0},"end":{"line":1,"column":16}},"1":{"start":{"line":9,"column":0},"end":{"line":9,"column":16}},"2":{"start":{"line":21,"column":0},"end":{"line":21,"column":16}},"3":{"start":{"line":2,"column":2},"end":{"line":6,"column":3}},"4":{"start":{"line":3,"column":4},"end":{"line":5,"column":5}},"5":{"start":{"line":4,"column":6},"end":{"line":4,"column":33}},"6":{"start":{"line":14,"column":2},"end":{"line":18,"column":3}},"7":{"start":{"line":15,"column":4},"end":{"line":17,"column":5}},"8":{"start":{"line":16,"column":6},"end":{"line":16,"column":33}},"9":{"start":{"line":25,"column":2},"end":{"line":25,"column":null}}},"fnMap":{"0":{"name":"updateObject","decl":{"start":{"line":1,"column":16},"end":{"line":1,"column":28}},"loc":{"start":{"line":1,"column":103},"end":{"line":7,"column":1}}},"1":{"name":"updateObjectExcluding","decl":{"start":{"line":9,"column":16},"end":{"line":9,"column":37}},"loc":{"start":{"line":12,"column":26},"end":{"line":19,"column":1}}},"2":{"name":"updateObjectExcludingId","decl":{"start":{"line":21,"column":16},"end":{"line":21,"column":39}},"loc":{"start":{"line":23,"column":20},"end":{"line":26,"column":1}}}},"branchMap":{"0":{"loc":{"start":{"line":3,"column":4},"end":{"line":5,"column":5}},"type":"if","locations":[{"start":{"line":3,"column":4},"end":{"line":5,"column":5}}]},"1":{"loc":{"start":{"line":15,"column":4},"end":{"line":17,"column":5}},"type":"if","locations":[{"start":{"line":15,"column":4},"end":{"line":17,"column":5}}]}},"s":{"0":1,"1":1,"2":1,"3":0,"4":0,"5":0,"6":0,"7":0,"8":0,"9":0},"f":{"0":0,"1":0,"2":0},"b":{"0":[0],"1":[0]}}
}
