TN:
SF:src/app/core/services/location/location.service.ts
FN:15,(anonymous_0)
FN:17,(anonymous_1)
FN:21,(anonymous_2)
FN:25,(anonymous_3)
FN:29,(anonymous_4)
FN:33,(anonymous_5)
FNF:6
FNH:2
FNDA:1,(anonymous_0)
FNDA:0,(anonymous_1)
FNDA:1,(anonymous_2)
FNDA:0,(anonymous_3)
FNDA:0,(anonymous_4)
FNDA:0,(anonymous_5)
DA:1,1
DA:2,1
DA:9,1
DA:10,1
DA:11,1
DA:12,1
DA:13,1
DA:15,1
DA:18,0
DA:22,1
DA:26,0
DA:30,0
DA:34,0
LF:13
LH:9
BRF:0
BRH:0
end_of_record
TN:
SF:src/app/pages/location-list/create-location-modal/create-location-modal.component.html
FNF:0
FNH:0
DA:1,1
LF:1
LH:1
BRF:0
BRH:0
end_of_record
TN:
SF:src/app/pages/location-list/create-location-modal/create-location-modal.component.ts
FN:16,(anonymous_0)
FN:20,(anonymous_1)
FN:25,(anonymous_2)
FN:30,(anonymous_3)
FN:31,(anonymous_4)
FN:34,(anonymous_5)
FN:45,(anonymous_6)
FN:56,(anonymous_7)
FN:58,(anonymous_8)
FN:61,(anonymous_9)
FN:65,(anonymous_10)
FN:72,(anonymous_11)
FN:76,(anonymous_12)
FN:83,(anonymous_13)
FNF:14
FNH:10
FNDA:0,(anonymous_0)
FNDA:1,(anonymous_1)
FNDA:1,(anonymous_2)
FNDA:1,(anonymous_3)
FNDA:0,(anonymous_4)
FNDA:1,(anonymous_5)
FNDA:4,(anonymous_6)
FNDA:1,(anonymous_7)
FNDA:1,(anonymous_8)
FNDA:0,(anonymous_9)
FNDA:2,(anonymous_10)
FNDA:4,(anonymous_11)
FNDA:0,(anonymous_12)
FNDA:4,(anonymous_13)
DA:1,1
DA:2,1
DA:3,1
DA:4,1
DA:12,1
DA:17,0
DA:21,1
DA:22,1
DA:23,1
DA:26,1
DA:27,1
DA:31,1
DA:35,1
DA:46,4
DA:57,1
DA:58,1
DA:62,0
DA:66,2
DA:67,0
DA:69,2
DA:73,4
DA:74,4
DA:76,0
DA:77,0
DA:78,0
DA:80,0
DA:84,4
DA:85,0
DA:87,4
DA:88,4
DA:89,0
DA:95,0
DA:98,4
LF:33
LH:23
BRDA:66,0,0,0
BRDA:66,1,0,2
BRDA:66,1,1,2
BRDA:73,2,0,4
BRDA:77,3,0,0
BRDA:84,4,0,0
BRDA:89,5,0,0
BRDA:89,6,0,0
BRDA:89,6,1,0
BRDA:89,6,2,0
BRDA:89,6,3,0
BRDA:89,6,4,0
BRF:12
BRH:3
end_of_record
