TN:
SF:src/app/app.component.html
FNF:0
FNH:0
DA:1,1
LF:1
LH:1
BRF:0
BRH:0
end_of_record
TN:
SF:src/app/app.component.ts
FNF:0
FNH:0
DA:1,1
DA:9,1
LF:2
LH:2
BRF:0
BRH:0
end_of_record
TN:
SF:src/app/core/material.module.ts
FN:102,(anonymous_0)
FN:106,(anonymous_1)
FNF:2
FNH:2
FNDA:4,(anonymous_0)
FNDA:4,(anonymous_1)
DA:1,4
DA:2,4
DA:3,4
DA:4,4
DA:5,4
DA:6,4
DA:7,4
DA:8,4
DA:9,4
DA:10,4
DA:11,4
DA:12,4
DA:13,4
DA:14,4
DA:15,4
DA:16,4
DA:17,4
DA:18,4
DA:19,4
DA:20,4
DA:21,4
DA:22,4
DA:23,4
DA:24,4
DA:25,4
DA:26,4
DA:27,4
DA:28,4
DA:29,4
DA:30,4
DA:31,4
DA:32,4
DA:33,4
DA:34,4
DA:35,4
DA:36,4
DA:37,4
DA:38,4
DA:39,4
DA:40,4
DA:41,4
DA:42,4
DA:43,4
DA:44,4
DA:46,4
DA:98,4
DA:99,4
DA:100,4
DA:103,4
DA:107,4
LF:50
LH:50
BRF:0
BRH:0
end_of_record
TN:
SF:src/app/core/services/base.service.ts
FN:14,(anonymous_0)
FN:20,(anonymous_1)
FN:24,(anonymous_2)
FN:36,(anonymous_3)
FN:49,(anonymous_4)
FN:62,(anonymous_5)
FN:79,(anonymous_6)
FN:86,(anonymous_7)
FN:92,(anonymous_8)
FN:97,(anonymous_9)
FN:105,(anonymous_10)
FNF:11
FNH:5
FNDA:30,(anonymous_0)
FNDA:30,(anonymous_1)
FNDA:13,(anonymous_2)
FNDA:13,(anonymous_3)
FNDA:0,(anonymous_4)
FNDA:0,(anonymous_5)
FNDA:26,(anonymous_6)
FNDA:0,(anonymous_7)
FNDA:0,(anonymous_8)
FNDA:0,(anonymous_9)
FNDA:0,(anonymous_10)
DA:1,10
DA:2,10
DA:3,10
DA:4,10
DA:5,10
DA:9,10
DA:14,10
DA:15,30
DA:16,30
DA:17,30
DA:18,30
DA:21,30
DA:29,13
DA:42,13
DA:55,0
DA:68,0
DA:73,0
DA:84,26
DA:87,0
DA:88,0
DA:92,0
DA:101,0
DA:105,0
LF:23
LH:15
BRDA:87,0,0,0
BRDA:105,1,0,0
BRDA:105,1,1,0
BRF:3
BRH:0
end_of_record
TN:
SF:src/app/core/services/activity/activity.service.ts
FN:16,(anonymous_0)
FN:21,(anonymous_1)
FN:24,(anonymous_2)
FN:28,(anonymous_3)
FN:34,(anonymous_4)
FN:38,(anonymous_5)
FN:44,(anonymous_6)
FN:45,(anonymous_7)
FN:49,(anonymous_8)
FN:55,(anonymous_9)
FN:56,(anonymous_10)
FN:60,(anonymous_11)
FN:67,(anonymous_12)
FN:68,(anonymous_13)
FNF:14
FNH:2
FNDA:15,(anonymous_0)
FNDA:0,(anonymous_1)
FNDA:0,(anonymous_2)
FNDA:13,(anonymous_3)
FNDA:0,(anonymous_4)
FNDA:0,(anonymous_5)
FNDA:0,(anonymous_6)
FNDA:0,(anonymous_7)
FNDA:0,(anonymous_8)
FNDA:0,(anonymous_9)
FNDA:0,(anonymous_10)
FNDA:0,(anonymous_11)
FNDA:0,(anonymous_12)
FNDA:0,(anonymous_13)
DA:1,3
DA:9,3
DA:15,3
DA:17,15
DA:18,15
DA:22,0
DA:24,0
DA:31,13
DA:34,0
DA:41,0
DA:44,0
DA:45,0
DA:52,0
DA:55,0
DA:56,0
DA:61,0
DA:67,0
DA:68,0
LF:18
LH:6
BRF:0
BRH:0
end_of_record
TN:
SF:src/app/core/services/location/location.service.ts
FN:16,(anonymous_0)
FN:21,(anonymous_1)
FN:24,(anonymous_2)
FN:28,(anonymous_3)
FN:31,(anonymous_4)
FN:35,(anonymous_5)
FN:38,(anonymous_6)
FN:42,(anonymous_7)
FN:48,(anonymous_8)
FN:52,(anonymous_9)
FN:58,(anonymous_10)
FN:62,(anonymous_11)
FN:69,(anonymous_12)
FNF:13
FNH:3
FNDA:10,(anonymous_0)
FNDA:0,(anonymous_1)
FNDA:0,(anonymous_2)
FNDA:8,(anonymous_3)
FNDA:0,(anonymous_4)
FNDA:1,(anonymous_5)
FNDA:0,(anonymous_6)
FNDA:0,(anonymous_7)
FNDA:0,(anonymous_8)
FNDA:0,(anonymous_9)
FNDA:0,(anonymous_10)
FNDA:0,(anonymous_11)
FNDA:0,(anonymous_12)
DA:1,7
DA:9,7
DA:15,7
DA:17,10
DA:18,10
DA:22,0
DA:24,0
DA:29,8
DA:31,0
DA:36,1
DA:38,0
DA:45,0
DA:48,0
DA:55,0
DA:58,0
DA:63,0
DA:69,0
LF:17
LH:7
BRF:0
BRH:0
end_of_record
TN:
SF:src/app/core/services/person/person.service.ts
FN:16,(anonymous_0)
FN:21,(anonymous_1)
FN:24,(anonymous_2)
FN:28,(anonymous_3)
FN:31,(anonymous_4)
FN:35,(anonymous_5)
FN:38,(anonymous_6)
FN:42,(anonymous_7)
FN:46,(anonymous_8)
FN:50,(anonymous_9)
FN:54,(anonymous_10)
FN:58,(anonymous_11)
FN:65,(anonymous_12)
FNF:13
FNH:3
FNDA:5,(anonymous_0)
FNDA:0,(anonymous_1)
FNDA:0,(anonymous_2)
FNDA:3,(anonymous_3)
FNDA:0,(anonymous_4)
FNDA:1,(anonymous_5)
FNDA:0,(anonymous_6)
FNDA:0,(anonymous_7)
FNDA:0,(anonymous_8)
FNDA:0,(anonymous_9)
FNDA:0,(anonymous_10)
FNDA:0,(anonymous_11)
FNDA:0,(anonymous_12)
DA:1,7
DA:9,7
DA:15,7
DA:17,5
DA:18,5
DA:22,0
DA:24,0
DA:29,3
DA:31,0
DA:36,1
DA:38,0
DA:43,0
DA:46,0
DA:51,0
DA:54,0
DA:59,0
DA:65,0
LF:17
LH:7
BRF:0
BRH:0
end_of_record
TN:
SF:src/app/pages/activity-list/activity-list.component.html
FNF:0
FNH:0
DA:1,1
LF:1
LH:1
BRF:0
BRH:0
end_of_record
TN:
SF:src/app/pages/activity-list/activity-list.component.ts
FN:14,(anonymous_0)
FN:24,(anonymous_1)
FN:28,(anonymous_2)
FN:34,(anonymous_3)
FN:36,(anonymous_4)
FN:37,(anonymous_5)
FN:42,(anonymous_6)
FN:43,(anonymous_7)
FN:44,(anonymous_8)
FN:53,(anonymous_9)
FN:54,(anonymous_10)
FN:56,(anonymous_11)
FN:65,(anonymous_12)
FN:67,(anonymous_13)
FN:72,(anonymous_14)
FN:77,(anonymous_15)
FN:81,(anonymous_16)
FN:87,(anonymous_17)
FNF:18
FNH:18
FNDA:13,(anonymous_0)
FNDA:14,(anonymous_1)
FNDA:2,(anonymous_2)
FNDA:2,(anonymous_3)
FNDA:1,(anonymous_4)
FNDA:1,(anonymous_5)
FNDA:2,(anonymous_6)
FNDA:2,(anonymous_7)
FNDA:6,(anonymous_8)
FNDA:2,(anonymous_9)
FNDA:2,(anonymous_10)
FNDA:8,(anonymous_11)
FNDA:1,(anonymous_12)
FNDA:2,(anonymous_13)
FNDA:1,(anonymous_14)
FNDA:16,(anonymous_15)
FNDA:3,(anonymous_16)
FNDA:6,(anonymous_17)
DA:1,1
DA:2,1
DA:4,1
DA:5,1
DA:7,1
DA:14,1
DA:17,13
DA:18,13
DA:19,13
DA:20,13
DA:22,13
DA:25,14
DA:29,2
DA:34,2
DA:37,1
DA:38,1
DA:43,2
DA:44,2
DA:45,6
DA:48,2
DA:49,1
DA:54,2
DA:55,2
DA:56,8
DA:58,2
DA:59,1
DA:61,2
DA:66,1
DA:67,2
DA:73,1
DA:74,1
DA:78,16
DA:82,3
DA:83,3
DA:88,6
LF:35
LH:35
BRDA:45,0,0,2
BRDA:45,0,1,4
BRDA:48,1,0,1
BRDA:58,2,0,1
BRDA:67,3,0,1
BRDA:67,3,1,0
BRDA:88,4,0,4
BRDA:88,4,1,2
BRF:8
BRH:7
end_of_record
TN:
SF:src/app/pages/activity-list/activity-card/activity-card.component.html
FNF:0
FNH:0
DA:1,1
LF:1
LH:1
BRF:0
BRH:0
end_of_record
TN:
SF:src/app/pages/activity-list/activity-card/activity-card.component.ts
FN:10,(anonymous_0)
FN:19,(anonymous_1)
FNF:2
FNH:2
FNDA:1,(anonymous_0)
FNDA:2,(anonymous_1)
DA:1,1
DA:2,1
DA:10,1
DA:15,1
DA:17,1
DA:20,2
LF:6
LH:6
BRDA:21,0,0,2
BRDA:21,0,1,0
BRF:2
BRH:1
end_of_record
TN:
SF:src/app/pages/activity-list/activity-filter/activity-filter.component.html
FNF:0
FNH:0
DA:1,1
LF:1
LH:1
BRF:0
BRH:0
end_of_record
TN:
SF:src/app/pages/activity-list/activity-filter/activity-filter.component.ts
FN:20,(anonymous_0)
FN:33,(anonymous_1)
FN:36,(anonymous_2)
FN:39,(anonymous_3)
FN:42,(anonymous_4)
FN:47,(anonymous_5)
FNF:6
FNH:2
FNDA:1,(anonymous_0)
FNDA:1,(anonymous_1)
FNDA:0,(anonymous_2)
FNDA:0,(anonymous_3)
FNDA:0,(anonymous_4)
FNDA:0,(anonymous_5)
DA:1,1
DA:10,1
DA:11,1
DA:20,1
DA:25,1
DA:27,1
DA:28,1
DA:34,1
DA:36,0
DA:37,1
DA:39,0
DA:43,0
DA:44,0
DA:48,0
DA:49,0
LF:15
LH:9
BRDA:43,0,0,0
BRDA:48,1,0,0
BRF:2
BRH:0
end_of_record
TN:
SF:src/app/pages/activity-list/activity-list-card/activity-list-card.component.html
FNF:0
FNH:0
DA:1,1
LF:1
LH:1
BRF:0
BRH:0
end_of_record
TN:
SF:src/app/pages/activity-list/activity-list-card/activity-list-card.component.ts
FN:14,(anonymous_0)
FN:33,(anonymous_1)
FN:38,(anonymous_2)
FN:43,(anonymous_3)
FN:46,(anonymous_4)
FN:49,(anonymous_5)
FN:53,(anonymous_6)
FNF:7
FNH:1
FNDA:1,(anonymous_0)
FNDA:0,(anonymous_1)
FNDA:0,(anonymous_2)
FNDA:0,(anonymous_3)
FNDA:0,(anonymous_4)
FNDA:0,(anonymous_5)
FNDA:0,(anonymous_6)
DA:1,1
DA:2,1
DA:4,1
DA:5,1
DA:6,1
DA:7,1
DA:14,1
DA:22,1
DA:24,1
DA:26,1
DA:28,1
DA:29,1
DA:31,1
DA:34,0
DA:39,0
DA:44,0
DA:46,0
DA:50,0
DA:54,0
LF:19
LH:13
BRDA:55,0,0,0
BRDA:55,0,1,0
BRF:2
BRH:0
end_of_record
TN:
SF:src/app/pages/activity-list/activity-modal/activity-modal.component.html
FNF:0
FNH:0
DA:1,3
LF:1
LH:1
BRF:0
BRH:0
end_of_record
TN:
SF:src/app/pages/activity-list/activity-modal/activity-modal.component.ts
FN:27,(anonymous_0)
FN:40,(anonymous_1)
FN:44,(anonymous_2)
FN:48,(anonymous_3)
FN:54,(anonymous_4)
FN:57,(anonymous_5)
FN:60,(anonymous_6)
FN:63,(anonymous_7)
FN:66,(anonymous_8)
FN:71,(anonymous_9)
FN:72,(anonymous_10)
FN:76,(anonymous_11)
FN:80,(anonymous_12)
FN:82,(anonymous_13)
FN:87,(anonymous_14)
FN:91,(anonymous_15)
FN:100,(anonymous_16)
FN:106,(anonymous_17)
FN:116,(anonymous_18)
FN:127,(anonymous_19)
FN:128,(anonymous_20)
FN:133,(anonymous_21)
FN:139,(anonymous_22)
FN:140,(anonymous_23)
FN:141,(anonymous_24)
FN:145,(anonymous_25)
FN:149,(anonymous_26)
FNF:27
FNH:7
FNDA:1,(anonymous_0)
FNDA:0,(anonymous_1)
FNDA:0,(anonymous_2)
FNDA:1,(anonymous_3)
FNDA:1,(anonymous_4)
FNDA:0,(anonymous_5)
FNDA:1,(anonymous_6)
FNDA:0,(anonymous_7)
FNDA:1,(anonymous_8)
FNDA:0,(anonymous_9)
FNDA:0,(anonymous_10)
FNDA:2,(anonymous_11)
FNDA:0,(anonymous_12)
FNDA:0,(anonymous_13)
FNDA:0,(anonymous_14)
FNDA:0,(anonymous_15)
FNDA:0,(anonymous_16)
FNDA:0,(anonymous_17)
FNDA:0,(anonymous_18)
FNDA:0,(anonymous_19)
FNDA:0,(anonymous_20)
FNDA:0,(anonymous_21)
FNDA:0,(anonymous_22)
FNDA:0,(anonymous_23)
FNDA:0,(anonymous_24)
FNDA:0,(anonymous_25)
FNDA:2,(anonymous_26)
DA:1,3
DA:2,3
DA:7,3
DA:15,3
DA:16,3
DA:17,3
DA:20,3
DA:27,3
DA:28,1
DA:29,1
DA:31,1
DA:32,1
DA:33,1
DA:34,1
DA:41,0
DA:45,0
DA:49,1
DA:50,1
DA:51,1
DA:55,1
DA:57,0
DA:61,1
DA:63,0
DA:67,1
DA:71,0
DA:72,0
DA:77,2
DA:81,0
DA:82,0
DA:84,0
DA:88,0
DA:92,0
DA:97,0
DA:99,0
DA:101,0
DA:107,0
DA:117,0
DA:121,0
DA:128,0
DA:129,0
DA:134,0
DA:140,0
DA:141,0
DA:146,0
DA:150,2
LF:45
LH:22
BRDA:68,0,0,1
BRDA:68,0,1,1
BRDA:69,1,0,1
BRDA:69,1,1,1
BRDA:70,2,0,1
BRDA:70,2,1,1
BRDA:71,3,0,1
BRDA:71,3,1,1
BRDA:72,4,0,1
BRDA:72,4,1,1
BRDA:77,5,0,2
BRDA:77,5,1,0
BRDA:92,6,0,0
BRDA:93,7,0,0
BRDA:93,7,1,0
BRDA:93,7,2,0
BRDA:101,8,0,0
BRDA:101,8,1,0
BRDA:134,9,0,0
BRDA:134,9,1,0
BRF:20
BRH:11
end_of_record
TN:
SF:src/app/pages/location-list/location-list.component.html
FNF:0
FNH:0
DA:1,1
LF:1
LH:1
BRF:0
BRH:0
end_of_record
TN:
SF:src/app/pages/location-list/location-list.component.ts
FN:12,(anonymous_0)
FN:17,(anonymous_1)
FN:20,(anonymous_2)
FN:25,(anonymous_3)
FN:29,(anonymous_4)
FN:31,(anonymous_5)
FN:42,(anonymous_6)
FN:43,(anonymous_7)
FN:44,(anonymous_8)
FN:53,(anonymous_9)
FN:54,(anonymous_10)
FN:56,(anonymous_11)
FNF:12
FNH:2
FNDA:1,(anonymous_0)
FNDA:1,(anonymous_1)
FNDA:0,(anonymous_2)
FNDA:0,(anonymous_3)
FNDA:0,(anonymous_4)
FNDA:0,(anonymous_5)
FNDA:0,(anonymous_6)
FNDA:0,(anonymous_7)
FNDA:0,(anonymous_8)
FNDA:0,(anonymous_9)
FNDA:0,(anonymous_10)
FNDA:0,(anonymous_11)
DA:1,1
DA:2,1
DA:4,1
DA:5,1
DA:12,1
DA:13,1
DA:14,1
DA:15,1
DA:18,1
DA:21,0
DA:26,0
DA:30,0
DA:31,0
DA:43,0
DA:44,0
DA:45,0
DA:46,0
DA:48,0
DA:54,0
DA:55,0
DA:56,0
LF:21
LH:9
BRDA:30,0,0,0
BRDA:45,1,0,0
BRF:2
BRH:0
end_of_record
TN:
SF:src/app/pages/location-list/location-card/location-card.component.html
FNF:0
FNH:0
DA:1,1
LF:1
LH:1
BRF:0
BRH:0
end_of_record
TN:
SF:src/app/pages/location-list/location-card/location-card.component.ts
FN:12,(anonymous_0)
FN:24,(anonymous_1)
FN:28,(anonymous_2)
FN:33,(anonymous_3)
FN:36,(anonymous_4)
FN:41,(anonymous_5)
FNF:6
FNH:2
FNDA:1,(anonymous_0)
FNDA:0,(anonymous_1)
FNDA:0,(anonymous_2)
FNDA:0,(anonymous_3)
FNDA:0,(anonymous_4)
FNDA:2,(anonymous_5)
DA:1,1
DA:3,1
DA:4,1
DA:5,1
DA:12,1
DA:17,1
DA:19,1
DA:21,1
DA:22,1
DA:25,0
DA:29,0
DA:34,0
DA:37,0
DA:42,2
LF:14
LH:10
BRF:0
BRH:0
end_of_record
TN:
SF:src/app/pages/location-list/location-modal/location-modal.component.html
FNF:0
FNH:0
DA:1,3
LF:1
LH:1
BRF:0
BRH:0
end_of_record
TN:
SF:src/app/pages/location-list/location-modal/location-modal.component.ts
FN:31,(anonymous_0)
FN:35,(anonymous_1)
FN:37,(anonymous_2)
FN:42,(anonymous_3)
FN:46,(anonymous_4)
FN:52,(anonymous_5)
FN:56,(anonymous_6)
FN:59,(anonymous_7)
FN:63,(anonymous_8)
FN:74,(anonymous_9)
FN:85,(anonymous_10)
FN:92,(anonymous_11)
FN:93,(anonymous_12)
FN:98,(anonymous_13)
FN:104,(anonymous_14)
FN:108,(anonymous_15)
FN:118,(anonymous_16)
FN:122,(anonymous_17)
FN:129,(anonymous_18)
FNF:19
FNH:15
FNDA:0,(anonymous_0)
FNDA:6,(anonymous_1)
FNDA:7,(anonymous_2)
FNDA:13,(anonymous_3)
FNDA:12,(anonymous_4)
FNDA:7,(anonymous_5)
FNDA:1,(anonymous_6)
FNDA:1,(anonymous_7)
FNDA:7,(anonymous_8)
FNDA:24,(anonymous_9)
FNDA:0,(anonymous_10)
FNDA:2,(anonymous_11)
FNDA:1,(anonymous_12)
FNDA:2,(anonymous_13)
FNDA:0,(anonymous_14)
FNDA:12,(anonymous_15)
FNDA:24,(anonymous_16)
FNDA:0,(anonymous_17)
FNDA:24,(anonymous_18)
DA:1,3
DA:2,3
DA:7,3
DA:8,3
DA:21,3
DA:22,6
DA:23,6
DA:25,6
DA:26,6
DA:32,0
DA:38,7
DA:39,7
DA:43,13
DA:47,12
DA:53,7
DA:57,1
DA:59,1
DA:64,7
DA:75,24
DA:86,0
DA:93,2
DA:94,1
DA:99,2
DA:105,0
DA:109,12
DA:113,0
DA:115,12
DA:119,24
DA:120,24
DA:122,0
DA:123,0
DA:124,0
DA:126,0
DA:130,24
DA:131,0
DA:133,24
DA:134,24
DA:135,0
DA:142,0
DA:145,24
LF:40
LH:29
BRDA:47,0,0,0
BRDA:47,0,1,12
BRDA:57,1,0,0
BRDA:57,1,1,1
BRDA:65,2,0,7
BRDA:65,2,1,7
BRDA:66,3,0,7
BRDA:66,3,1,7
BRDA:67,4,0,7
BRDA:67,4,1,7
BRDA:68,5,0,7
BRDA:68,5,1,7
BRDA:69,6,0,7
BRDA:69,6,1,7
BRDA:70,7,0,7
BRDA:70,7,1,7
BRDA:99,8,0,0
BRDA:99,8,1,2
BRDA:109,9,0,0
BRDA:110,10,0,12
BRDA:110,10,1,12
BRDA:119,11,0,24
BRDA:123,12,0,0
BRDA:130,13,0,0
BRDA:135,14,0,0
BRDA:136,15,0,0
BRDA:136,15,1,0
BRDA:136,15,2,0
BRDA:136,15,3,0
BRDA:136,15,4,0
BRF:30
BRH:18
end_of_record
TN:
SF:src/app/pages/person-list/person-list.component.html
FNF:0
FNH:0
DA:1,1
LF:1
LH:1
BRF:0
BRH:0
end_of_record
TN:
SF:src/app/pages/person-list/person-list.component.ts
FN:18,(anonymous_0)
FN:20,(anonymous_1)
FN:23,(anonymous_2)
FN:26,(anonymous_3)
FN:30,(anonymous_4)
FN:32,(anonymous_5)
FN:43,(anonymous_6)
FN:44,(anonymous_7)
FN:45,(anonymous_8)
FN:54,(anonymous_9)
FN:55,(anonymous_10)
FN:57,(anonymous_11)
FNF:12
FNH:2
FNDA:1,(anonymous_0)
FNDA:1,(anonymous_1)
FNDA:0,(anonymous_2)
FNDA:0,(anonymous_3)
FNDA:0,(anonymous_4)
FNDA:0,(anonymous_5)
FNDA:0,(anonymous_6)
FNDA:0,(anonymous_7)
FNDA:0,(anonymous_8)
FNDA:0,(anonymous_9)
FNDA:0,(anonymous_10)
FNDA:0,(anonymous_11)
DA:1,1
DA:3,1
DA:4,1
DA:5,1
DA:12,1
DA:13,1
DA:14,1
DA:16,1
DA:21,1
DA:23,0
DA:27,0
DA:31,0
DA:32,0
DA:44,0
DA:45,0
DA:46,0
DA:47,0
DA:49,0
DA:55,0
DA:56,0
DA:57,0
LF:21
LH:9
BRDA:31,0,0,0
BRDA:46,1,0,0
BRF:2
BRH:0
end_of_record
TN:
SF:src/app/pages/person-list/person-card/person-card.component.html
FNF:0
FNH:0
DA:1,1
LF:1
LH:1
BRF:0
BRH:0
end_of_record
TN:
SF:src/app/pages/person-list/person-card/person-card.component.ts
FN:13,(anonymous_0)
FN:27,(anonymous_1)
FN:31,(anonymous_2)
FN:36,(anonymous_3)
FN:39,(anonymous_4)
FN:44,(anonymous_5)
FN:48,(anonymous_6)
FN:52,(anonymous_7)
FNF:8
FNH:1
FNDA:1,(anonymous_0)
FNDA:0,(anonymous_1)
FNDA:0,(anonymous_2)
FNDA:0,(anonymous_3)
FNDA:0,(anonymous_4)
FNDA:0,(anonymous_5)
FNDA:0,(anonymous_6)
FNDA:0,(anonymous_7)
DA:1,1
DA:2,1
DA:4,1
DA:5,1
DA:6,1
DA:13,1
DA:18,1
DA:20,1
DA:22,1
DA:24,1
DA:25,1
DA:28,0
DA:32,0
DA:37,0
DA:40,0
DA:45,0
DA:49,0
DA:53,0
LF:18
LH:11
BRDA:54,0,0,0
BRDA:54,0,1,0
BRF:2
BRH:0
end_of_record
TN:
SF:src/app/pages/person-list/person-modal/person-modal.component.html
FNF:0
FNH:0
DA:1,3
LF:1
LH:1
BRF:0
BRH:0
end_of_record
TN:
SF:src/app/pages/person-list/person-modal/person-modal.component.ts
FN:22,(anonymous_0)
FN:28,(anonymous_1)
FN:36,(anonymous_2)
FN:41,(anonymous_3)
FN:45,(anonymous_4)
FN:49,(anonymous_5)
FN:53,(anonymous_6)
FN:56,(anonymous_7)
FN:60,(anonymous_8)
FN:70,(anonymous_9)
FN:75,(anonymous_10)
FN:83,(anonymous_11)
FN:90,(anonymous_12)
FN:91,(anonymous_13)
FN:96,(anonymous_14)
FN:102,(anonymous_15)
FN:106,(anonymous_16)
FN:113,(anonymous_17)
FN:135,(anonymous_18)
FN:143,(anonymous_19)
FNF:20
FNH:8
FNDA:1,(anonymous_0)
FNDA:0,(anonymous_1)
FNDA:1,(anonymous_2)
FNDA:2,(anonymous_3)
FNDA:2,(anonymous_4)
FNDA:1,(anonymous_5)
FNDA:0,(anonymous_6)
FNDA:0,(anonymous_7)
FNDA:1,(anonymous_8)
FNDA:0,(anonymous_9)
FNDA:0,(anonymous_10)
FNDA:0,(anonymous_11)
FNDA:0,(anonymous_12)
FNDA:0,(anonymous_13)
FNDA:0,(anonymous_14)
FNDA:0,(anonymous_15)
FNDA:2,(anonymous_16)
FNDA:4,(anonymous_17)
FNDA:0,(anonymous_18)
FNDA:0,(anonymous_19)
DA:1,3
DA:2,3
DA:3,3
DA:8,3
DA:14,3
DA:22,3
DA:26,1
DA:29,0
DA:31,1
DA:32,1
DA:33,1
DA:34,1
DA:37,1
DA:38,1
DA:42,2
DA:46,2
DA:50,1
DA:54,0
DA:56,0
DA:61,1
DA:71,0
DA:72,0
DA:76,0
DA:84,0
DA:91,0
DA:92,0
DA:97,0
DA:103,0
DA:107,2
DA:108,0
DA:110,2
DA:114,4
DA:115,0
DA:120,0
DA:122,0
DA:127,0
DA:128,0
DA:129,0
DA:132,0
DA:136,0
DA:144,0
DA:147,0
DA:150,0
LF:43
LH:20
BRDA:46,0,0,0
BRDA:46,0,1,2
BRDA:54,1,0,0
BRDA:54,1,1,0
BRDA:62,2,0,1
BRDA:62,2,1,1
BRDA:63,3,0,1
BRDA:63,3,1,1
BRDA:65,4,0,0
BRDA:65,4,1,1
BRDA:71,5,0,0
BRDA:97,6,0,0
BRDA:97,6,1,0
BRDA:107,7,0,0
BRDA:114,8,0,4
BRDA:115,9,0,0
BRDA:116,10,0,0
BRDA:116,10,1,0
BRDA:116,10,2,0
BRDA:128,11,0,0
BRDA:137,12,0,0
BRDA:137,12,1,0
BRDA:137,12,2,0
BRF:23
BRH:7
end_of_record
TN:
SF:src/app/shared/confirmation-modal/confirmation-modal.component.html
FNF:0
FNH:0
DA:1,11
LF:1
LH:1
BRF:0
BRH:0
end_of_record
TN:
SF:src/app/shared/confirmation-modal/confirmation-modal.component.ts
FN:9,(anonymous_0)
FN:13,(anonymous_1)
FN:17,(anonymous_2)
FNF:3
FNH:1
FNDA:1,(anonymous_0)
FNDA:0,(anonymous_1)
FNDA:0,(anonymous_2)
DA:1,11
DA:2,11
DA:9,11
DA:10,1
DA:11,1
DA:14,0
DA:18,0
LF:7
LH:5
BRF:0
BRH:0
end_of_record
TN:
SF:src/app/shared/header/header.component.html
FNF:0
FNH:0
DA:1,1
LF:1
LH:1
BRF:0
BRH:0
end_of_record
TN:
SF:src/app/shared/header/header.component.ts
FNF:0
FNH:0
DA:1,1
DA:8,1
LF:2
LH:2
BRF:0
BRH:0
end_of_record
TN:
SF:src/app/shared/opacity-scroll/opacity-scroll.component.html
FNF:0
FNH:0
DA:1,1
LF:1
LH:1
BRF:0
BRH:0
end_of_record
TN:
SF:src/app/shared/opacity-scroll/opacity-scroll.component.ts
FN:9,(anonymous_0)
FN:23,(anonymous_1)
FN:28,(anonymous_2)
FN:50,(anonymous_3)
FN:59,(anonymous_4)
FNF:5
FNH:5
FNDA:5,(anonymous_0)
FNDA:3,(anonymous_1)
FNDA:8,(anonymous_2)
FNDA:10,(anonymous_3)
FNDA:11,(anonymous_4)
DA:1,1
DA:2,1
DA:9,1
DA:11,5
DA:13,5
DA:15,5
DA:17,5
DA:19,5
DA:21,5
DA:24,3
DA:25,3
DA:26,3
DA:27,3
DA:28,3
DA:29,8
DA:31,8
DA:32,8
DA:33,5
DA:35,8
DA:38,8
DA:39,2
DA:40,2
DA:42,6
DA:43,2
DA:44,2
DA:46,4
DA:51,10
DA:60,11
LF:28
LH:28
BRDA:32,0,0,5
BRDA:38,1,0,2
BRDA:38,2,0,8
BRDA:38,2,1,2
BRDA:42,3,0,2
BRF:5
BRH:5
end_of_record
TN:
SF:src/app/utils/math.utils.ts
FN:1,smoothstep
FNF:1
FNH:1
FNDA:8,smoothstep
DA:1,1
DA:2,8
DA:3,5
DA:5,3
DA:6,0
DA:8,3
LF:6
LH:5
BRDA:2,0,0,5
BRDA:5,1,0,0
BRF:2
BRH:1
end_of_record
TN:
SF:src/app/utils/update-object.utils.ts
FN:1,updateObject
FN:13,updateObjectExcluding
FN:25,updateObjectExcludingId
FN:32,getUniqueValues
FN:33,(anonymous_4)
FNF:5
FNH:0
FNDA:0,updateObject
FNDA:0,updateObjectExcluding
FNDA:0,updateObjectExcludingId
FNDA:0,getUniqueValues
FNDA:0,(anonymous_4)
DA:1,3
DA:6,0
DA:7,0
DA:8,0
DA:13,3
DA:18,0
DA:19,0
DA:20,0
DA:25,3
DA:29,0
DA:32,3
DA:33,0
LF:12
LH:4
BRDA:7,0,0,0
BRDA:19,1,0,0
BRF:2
BRH:0
end_of_record
